<?xml version="1.0" encoding="UTF-8"?>
<!-- Generated by org.testng.reporters.JUnitReportReporter -->
<testsuite skipped="0" hostname="LAPTOP-SMC8HIAI" name="flagsinTestNG.Flag6" tests="1000" failures="0" timestamp="2021-06-25T09:08:56 IST" time="0.797" errors="0">
  <testcase name="inconsistentBug" time="0.001" classname="flagsinTestNG.Flag6"/>
  <system-out>
    <![CDATA[hi]]>
  </system-out>
  <testcase name="inconsistentBug" time="0.001" classname="flagsinTestNG.Flag6"/>
  <system-out>
    <![CDATA[hi]]>
  </system-out>
  <testcase name="inconsistentBug" time="0.001" classname="flagsinTestNG.Flag6"/>
  <system-out>
    <![CDATA[hi]]>
  </system-out>
  <testcase name="inconsistentBug" time="0.001" classname="flagsinTestNG.Flag6"/>
  <system-out>
    <![CDATA[hi]]>
  </system-out>
  <testcase name="inconsistentBug" time="0.001" classname="flagsinTestNG.Flag6"/>
  <system-out>
    <![CDATA[hi]]>
  </system-out>
  <testcase name="inconsistentBug" time="0.000" classname="flagsinTestNG.Flag6"/>
  <system-out>
    <![CDATA[hi]]>
  </system-out>
  <testcase name="inconsistentBug" time="0.002" classname="flagsinTestNG.Flag6"/>
  <system-out>
    <![CDATA[hi]]>
  </system-out>
  <testcase name="inconsistentBug" time="0.000" classname="flagsinTestNG.Flag6"/>
  <system-out>
    <![CDATA[hi]]>
  </system-out>
  <testcase name="inconsistentBug" time="0.000" classname="flagsinTestNG.Flag6"/>
  <system-out>
    <![CDATA[hi]]>
  </system-out>
  <testcase name="inconsistentBug" time="0.000" classname="flagsinTestNG.Flag6"/>
  <system-out>
    <![CDATA[hi]]>
  </system-out>
  <testcase name="inconsistentBug" time="0.001" classname="flagsinTestNG.Flag6"/>
  <system-out>
    <![CDATA[hi]]>
  </system-out>
  <testcase name="inconsistentBug" time="0.000" classname="flagsinTestNG.Flag6"/>
  <system-out>
    <![CDATA[hi]]>
  </system-out>
  <testcase name="inconsistentBug" time="0.001" classname="flagsinTestNG.Flag6"/>
  <system-out>
    <![CDATA[hi]]>
  </system-out>
  <testcase name="inconsistentBug" time="0.000" classname="flagsinTestNG.Flag6"/>
  <system-out>
    <![CDATA[hi]]>
  </system-out>
  <testcase name="inconsistentBug" time="0.001" classname="flagsinTestNG.Flag6"/>
  <system-out>
    <![CDATA[hi]]>
  </system-out>
  <testcase name="inconsistentBug" time="0.000" classname="flagsinTestNG.Flag6"/>
  <system-out>
    <![CDATA[hi]]>
  </system-out>
  <testcase name="inconsistentBug" time="0.001" classname="flagsinTestNG.Flag6"/>
  <system-out>
    <![CDATA[hi]]>
  </system-out>
  <testcase name="inconsistentBug" time="0.004" classname="flagsinTestNG.Flag6"/>
  <system-out>
    <![CDATA[hi]]>
  </system-out>
  <testcase name="inconsistentBug" time="0.001" classname="flagsinTestNG.Flag6"/>
  <system-out>
    <![CDATA[hi]]>
  </system-out>
  <testcase name="inconsistentBug" time="0.001" classname="flagsinTestNG.Flag6"/>
  <system-out>
    <![CDATA[hi]]>
  </system-out>
  <testcase name="inconsistentBug" time="0.003" classname="flagsinTestNG.Flag6"/>
  <system-out>
    <![CDATA[hi]]>
  </system-out>
  <testcase name="inconsistentBug" time="0.001" classname="flagsinTestNG.Flag6"/>
  <system-out>
    <![CDATA[hi]]>
  </system-out>
  <testcase name="inconsistentBug" time="0.000" classname="flagsinTestNG.Flag6"/>
  <system-out>
    <![CDATA[hi]]>
  </system-out>
  <testcase name="inconsistentBug" time="0.000" classname="flagsinTestNG.Flag6"/>
  <system-out>
    <![CDATA[hi]]>
  </system-out>
  <testcase name="inconsistentBug" time="0.001" classname="flagsinTestNG.Flag6"/>
  <system-out>
    <![CDATA[hi]]>
  </system-out>
  <testcase name="inconsistentBug" time="0.000" classname="flagsinTestNG.Flag6"/>
  <system-out>
    <![CDATA[hi]]>
  </system-out>
  <testcase name="inconsistentBug" time="0.000" classname="flagsinTestNG.Flag6"/>
  <system-out>
    <![CDATA[hi]]>
  </system-out>
  <testcase name="inconsistentBug" time="0.000" classname="flagsinTestNG.Flag6"/>
  <system-out>
    <![CDATA[hi]]>
  </system-out>
  <testcase name="inconsistentBug" time="0.001" classname="flagsinTestNG.Flag6"/>
  <system-out>
    <![CDATA[hi]]>
  </system-out>
  <testcase name="inconsistentBug" time="0.001" classname="flagsinTestNG.Flag6"/>
  <system-out>
    <![CDATA[hi]]>
  </system-out>
  <testcase name="inconsistentBug" time="0.001" classname="flagsinTestNG.Flag6"/>
  <system-out>
    <![CDATA[hi]]>
  </system-out>
  <testcase name="inconsistentBug" time="0.001" classname="flagsinTestNG.Flag6"/>
  <system-out>
    <![CDATA[hi]]>
  </system-out>
  <testcase name="inconsistentBug" time="0.000" classname="flagsinTestNG.Flag6"/>
  <system-out>
    <![CDATA[hi]]>
  </system-out>
  <testcase name="inconsistentBug" time="0.001" classname="flagsinTestNG.Flag6"/>
  <system-out>
    <![CDATA[hi]]>
  </system-out>
  <testcase name="inconsistentBug" time="0.001" classname="flagsinTestNG.Flag6"/>
  <system-out>
    <![CDATA[hi]]>
  </system-out>
  <testcase name="inconsistentBug" time="0.001" classname="flagsinTestNG.Flag6"/>
  <system-out>
    <![CDATA[hi]]>
  </system-out>
  <testcase name="inconsistentBug" time="0.000" classname="flagsinTestNG.Flag6"/>
  <system-out>
    <![CDATA[hi]]>
  </system-out>
  <testcase name="inconsistentBug" time="0.002" classname="flagsinTestNG.Flag6"/>
  <system-out>
    <![CDATA[hi]]>
  </system-out>
  <testcase name="inconsistentBug" time="0.000" classname="flagsinTestNG.Flag6"/>
  <system-out>
    <![CDATA[hi]]>
  </system-out>
  <testcase name="inconsistentBug" time="0.000" classname="flagsinTestNG.Flag6"/>
  <system-out>
    <![CDATA[hi]]>
  </system-out>
  <testcase name="inconsistentBug" time="0.000" classname="flagsinTestNG.Flag6"/>
  <system-out>
    <![CDATA[hi]]>
  </system-out>
  <testcase name="inconsistentBug" time="0.002" classname="flagsinTestNG.Flag6"/>
  <system-out>
    <![CDATA[hi]]>
  </system-out>
  <testcase name="inconsistentBug" time="0.001" classname="flagsinTestNG.Flag6"/>
  <system-out>
    <![CDATA[hi]]>
  </system-out>
  <testcase name="inconsistentBug" time="0.001" classname="flagsinTestNG.Flag6"/>
  <system-out>
    <![CDATA[hi]]>
  </system-out>
  <testcase name="inconsistentBug" time="0.001" classname="flagsinTestNG.Flag6"/>
  <system-out>
    <![CDATA[hi]]>
  </system-out>
  <testcase name="inconsistentBug" time="0.000" classname="flagsinTestNG.Flag6"/>
  <system-out>
    <![CDATA[hi]]>
  </system-out>
  <testcase name="inconsistentBug" time="0.001" classname="flagsinTestNG.Flag6"/>
  <system-out>
    <![CDATA[hi]]>
  </system-out>
  <testcase name="inconsistentBug" time="0.001" classname="flagsinTestNG.Flag6"/>
  <system-out>
    <![CDATA[hi]]>
  </system-out>
  <testcase name="inconsistentBug" time="0.001" classname="flagsinTestNG.Flag6"/>
  <system-out>
    <![CDATA[hi]]>
  </system-out>
  <testcase name="inconsistentBug" time="0.000" classname="flagsinTestNG.Flag6"/>
  <system-out>
    <![CDATA[hi]]>
  </system-out>
  <testcase name="inconsistentBug" time="0.001" classname="flagsinTestNG.Flag6"/>
  <system-out>
    <![CDATA[hi]]>
  </system-out>
  <testcase name="inconsistentBug" time="0.001" classname="flagsinTestNG.Flag6"/>
  <system-out>
    <![CDATA[hi]]>
  </system-out>
  <testcase name="inconsistentBug" time="0.001" classname="flagsinTestNG.Flag6"/>
  <system-out>
    <![CDATA[hi]]>
  </system-out>
  <testcase name="inconsistentBug" time="0.005" classname="flagsinTestNG.Flag6"/>
  <system-out>
    <![CDATA[hi]]>
  </system-out>
  <testcase name="inconsistentBug" time="0.001" classname="flagsinTestNG.Flag6"/>
  <system-out>
    <![CDATA[hi]]>
  </system-out>
  <testcase name="inconsistentBug" time="0.003" classname="flagsinTestNG.Flag6"/>
  <system-out>
    <![CDATA[hi]]>
  </system-out>
  <testcase name="inconsistentBug" time="0.000" classname="flagsinTestNG.Flag6"/>
  <system-out>
    <![CDATA[hi]]>
  </system-out>
  <testcase name="inconsistentBug" time="0.002" classname="flagsinTestNG.Flag6"/>
  <system-out>
    <![CDATA[hi]]>
  </system-out>
  <testcase name="inconsistentBug" time="0.001" classname="flagsinTestNG.Flag6"/>
  <system-out>
    <![CDATA[hi]]>
  </system-out>
  <testcase name="inconsistentBug" time="0.007" classname="flagsinTestNG.Flag6"/>
  <system-out>
    <![CDATA[hi]]>
  </system-out>
  <testcase name="inconsistentBug" time="0.000" classname="flagsinTestNG.Flag6"/>
  <system-out>
    <![CDATA[hi]]>
  </system-out>
  <testcase name="inconsistentBug" time="0.001" classname="flagsinTestNG.Flag6"/>
  <system-out>
    <![CDATA[hi]]>
  </system-out>
  <testcase name="inconsistentBug" time="0.000" classname="flagsinTestNG.Flag6"/>
  <system-out>
    <![CDATA[hi]]>
  </system-out>
  <testcase name="inconsistentBug" time="0.000" classname="flagsinTestNG.Flag6"/>
  <system-out>
    <![CDATA[hi]]>
  </system-out>
  <testcase name="inconsistentBug" time="0.001" classname="flagsinTestNG.Flag6"/>
  <system-out>
    <![CDATA[hi]]>
  </system-out>
  <testcase name="inconsistentBug" time="0.001" classname="flagsinTestNG.Flag6"/>
  <system-out>
    <![CDATA[hi]]>
  </system-out>
  <testcase name="inconsistentBug" time="0.000" classname="flagsinTestNG.Flag6"/>
  <system-out>
    <![CDATA[hi]]>
  </system-out>
  <testcase name="inconsistentBug" time="0.001" classname="flagsinTestNG.Flag6"/>
  <system-out>
    <![CDATA[hi]]>
  </system-out>
  <testcase name="inconsistentBug" time="0.000" classname="flagsinTestNG.Flag6"/>
  <system-out>
    <![CDATA[hi]]>
  </system-out>
  <testcase name="inconsistentBug" time="0.000" classname="flagsinTestNG.Flag6"/>
  <system-out>
    <![CDATA[hi]]>
  </system-out>
  <testcase name="inconsistentBug" time="0.000" classname="flagsinTestNG.Flag6"/>
  <system-out>
    <![CDATA[hi]]>
  </system-out>
  <testcase name="inconsistentBug" time="0.000" classname="flagsinTestNG.Flag6"/>
  <system-out>
    <![CDATA[hi]]>
  </system-out>
  <testcase name="inconsistentBug" time="0.001" classname="flagsinTestNG.Flag6"/>
  <system-out>
    <![CDATA[hi]]>
  </system-out>
  <testcase name="inconsistentBug" time="0.000" classname="flagsinTestNG.Flag6"/>
  <system-out>
    <![CDATA[hi]]>
  </system-out>
  <testcase name="inconsistentBug" time="0.001" classname="flagsinTestNG.Flag6"/>
  <system-out>
    <![CDATA[hi]]>
  </system-out>
  <testcase name="inconsistentBug" time="0.001" classname="flagsinTestNG.Flag6"/>
  <system-out>
    <![CDATA[hi]]>
  </system-out>
  <testcase name="inconsistentBug" time="0.000" classname="flagsinTestNG.Flag6"/>
  <system-out>
    <![CDATA[hi]]>
  </system-out>
  <testcase name="inconsistentBug" time="0.000" classname="flagsinTestNG.Flag6"/>
  <system-out>
    <![CDATA[hi]]>
  </system-out>
  <testcase name="inconsistentBug" time="0.002" classname="flagsinTestNG.Flag6"/>
  <system-out>
    <![CDATA[hi]]>
  </system-out>
  <testcase name="inconsistentBug" time="0.000" classname="flagsinTestNG.Flag6"/>
  <system-out>
    <![CDATA[hi]]>
  </system-out>
  <testcase name="inconsistentBug" time="0.000" classname="flagsinTestNG.Flag6"/>
  <system-out>
    <![CDATA[hi]]>
  </system-out>
  <testcase name="inconsistentBug" time="0.002" classname="flagsinTestNG.Flag6"/>
  <system-out>
    <![CDATA[hi]]>
  </system-out>
  <testcase name="inconsistentBug" time="0.000" classname="flagsinTestNG.Flag6"/>
  <system-out>
    <![CDATA[hi]]>
  </system-out>
  <testcase name="inconsistentBug" time="0.000" classname="flagsinTestNG.Flag6"/>
  <system-out>
    <![CDATA[hi]]>
  </system-out>
  <testcase name="inconsistentBug" time="0.000" classname="flagsinTestNG.Flag6"/>
  <system-out>
    <![CDATA[hi]]>
  </system-out>
  <testcase name="inconsistentBug" time="0.001" classname="flagsinTestNG.Flag6"/>
  <system-out>
    <![CDATA[hi]]>
  </system-out>
  <testcase name="inconsistentBug" time="0.001" classname="flagsinTestNG.Flag6"/>
  <system-out>
    <![CDATA[hi]]>
  </system-out>
  <testcase name="inconsistentBug" time="0.001" classname="flagsinTestNG.Flag6"/>
  <system-out>
    <![CDATA[hi]]>
  </system-out>
  <testcase name="inconsistentBug" time="0.000" classname="flagsinTestNG.Flag6"/>
  <system-out>
    <![CDATA[hi]]>
  </system-out>
  <testcase name="inconsistentBug" time="0.000" classname="flagsinTestNG.Flag6"/>
  <system-out>
    <![CDATA[hi]]>
  </system-out>
  <testcase name="inconsistentBug" time="0.001" classname="flagsinTestNG.Flag6"/>
  <system-out>
    <![CDATA[hi]]>
  </system-out>
  <testcase name="inconsistentBug" time="0.002" classname="flagsinTestNG.Flag6"/>
  <system-out>
    <![CDATA[hi]]>
  </system-out>
  <testcase name="inconsistentBug" time="0.000" classname="flagsinTestNG.Flag6"/>
  <system-out>
    <![CDATA[hi]]>
  </system-out>
  <testcase name="inconsistentBug" time="0.001" classname="flagsinTestNG.Flag6"/>
  <system-out>
    <![CDATA[hi]]>
  </system-out>
  <testcase name="inconsistentBug" time="0.000" classname="flagsinTestNG.Flag6"/>
  <system-out>
    <![CDATA[hi]]>
  </system-out>
  <testcase name="inconsistentBug" time="0.000" classname="flagsinTestNG.Flag6"/>
  <system-out>
    <![CDATA[hi]]>
  </system-out>
  <testcase name="inconsistentBug" time="0.001" classname="flagsinTestNG.Flag6"/>
  <system-out>
    <![CDATA[hi]]>
  </system-out>
  <testcase name="inconsistentBug" time="0.001" classname="flagsinTestNG.Flag6"/>
  <system-out>
    <![CDATA[hi]]>
  </system-out>
  <testcase name="inconsistentBug" time="0.000" classname="flagsinTestNG.Flag6"/>
  <system-out>
    <![CDATA[hi]]>
  </system-out>
  <testcase name="inconsistentBug" time="0.001" classname="flagsinTestNG.Flag6"/>
  <system-out>
    <![CDATA[hi]]>
  </system-out>
  <testcase name="inconsistentBug" time="0.000" classname="flagsinTestNG.Flag6"/>
  <system-out>
    <![CDATA[hi]]>
  </system-out>
  <testcase name="inconsistentBug" time="0.000" classname="flagsinTestNG.Flag6"/>
  <system-out>
    <![CDATA[hi]]>
  </system-out>
  <testcase name="inconsistentBug" time="0.001" classname="flagsinTestNG.Flag6"/>
  <system-out>
    <![CDATA[hi]]>
  </system-out>
  <testcase name="inconsistentBug" time="0.001" classname="flagsinTestNG.Flag6"/>
  <system-out>
    <![CDATA[hi]]>
  </system-out>
  <testcase name="inconsistentBug" time="0.001" classname="flagsinTestNG.Flag6"/>
  <system-out>
    <![CDATA[hi]]>
  </system-out>
  <testcase name="inconsistentBug" time="0.000" classname="flagsinTestNG.Flag6"/>
  <system-out>
    <![CDATA[hi]]>
  </system-out>
  <testcase name="inconsistentBug" time="0.001" classname="flagsinTestNG.Flag6"/>
  <system-out>
    <![CDATA[hi]]>
  </system-out>
  <testcase name="inconsistentBug" time="0.001" classname="flagsinTestNG.Flag6"/>
  <system-out>
    <![CDATA[hi]]>
  </system-out>
  <testcase name="inconsistentBug" time="0.000" classname="flagsinTestNG.Flag6"/>
  <system-out>
    <![CDATA[hi]]>
  </system-out>
  <testcase name="inconsistentBug" time="0.001" classname="flagsinTestNG.Flag6"/>
  <system-out>
    <![CDATA[hi]]>
  </system-out>
  <testcase name="inconsistentBug" time="0.002" classname="flagsinTestNG.Flag6"/>
  <system-out>
    <![CDATA[hi]]>
  </system-out>
  <testcase name="inconsistentBug" time="0.001" classname="flagsinTestNG.Flag6"/>
  <system-out>
    <![CDATA[hi]]>
  </system-out>
  <testcase name="inconsistentBug" time="0.000" classname="flagsinTestNG.Flag6"/>
  <system-out>
    <![CDATA[hi]]>
  </system-out>
  <testcase name="inconsistentBug" time="0.000" classname="flagsinTestNG.Flag6"/>
  <system-out>
    <![CDATA[hi]]>
  </system-out>
  <testcase name="inconsistentBug" time="0.000" classname="flagsinTestNG.Flag6"/>
  <system-out>
    <![CDATA[hi]]>
  </system-out>
  <testcase name="inconsistentBug" time="0.001" classname="flagsinTestNG.Flag6"/>
  <system-out>
    <![CDATA[hi]]>
  </system-out>
  <testcase name="inconsistentBug" time="0.000" classname="flagsinTestNG.Flag6"/>
  <system-out>
    <![CDATA[hi]]>
  </system-out>
  <testcase name="inconsistentBug" time="0.000" classname="flagsinTestNG.Flag6"/>
  <system-out>
    <![CDATA[hi]]>
  </system-out>
  <testcase name="inconsistentBug" time="0.000" classname="flagsinTestNG.Flag6"/>
  <system-out>
    <![CDATA[hi]]>
  </system-out>
  <testcase name="inconsistentBug" time="0.001" classname="flagsinTestNG.Flag6"/>
  <system-out>
    <![CDATA[hi]]>
  </system-out>
  <testcase name="inconsistentBug" time="0.000" classname="flagsinTestNG.Flag6"/>
  <system-out>
    <![CDATA[hi]]>
  </system-out>
  <testcase name="inconsistentBug" time="0.001" classname="flagsinTestNG.Flag6"/>
  <system-out>
    <![CDATA[hi]]>
  </system-out>
  <testcase name="inconsistentBug" time="0.000" classname="flagsinTestNG.Flag6"/>
  <system-out>
    <![CDATA[hi]]>
  </system-out>
  <testcase name="inconsistentBug" time="0.001" classname="flagsinTestNG.Flag6"/>
  <system-out>
    <![CDATA[hi]]>
  </system-out>
  <testcase name="inconsistentBug" time="0.001" classname="flagsinTestNG.Flag6"/>
  <system-out>
    <![CDATA[hi]]>
  </system-out>
  <testcase name="inconsistentBug" time="0.000" classname="flagsinTestNG.Flag6"/>
  <system-out>
    <![CDATA[hi]]>
  </system-out>
  <testcase name="inconsistentBug" time="0.000" classname="flagsinTestNG.Flag6"/>
  <system-out>
    <![CDATA[hi]]>
  </system-out>
  <testcase name="inconsistentBug" time="0.001" classname="flagsinTestNG.Flag6"/>
  <system-out>
    <![CDATA[hi]]>
  </system-out>
  <testcase name="inconsistentBug" time="0.000" classname="flagsinTestNG.Flag6"/>
  <system-out>
    <![CDATA[hi]]>
  </system-out>
  <testcase name="inconsistentBug" time="0.001" classname="flagsinTestNG.Flag6"/>
  <system-out>
    <![CDATA[hi]]>
  </system-out>
  <testcase name="inconsistentBug" time="0.000" classname="flagsinTestNG.Flag6"/>
  <system-out>
    <![CDATA[hi]]>
  </system-out>
  <testcase name="inconsistentBug" time="0.000" classname="flagsinTestNG.Flag6"/>
  <system-out>
    <![CDATA[hi]]>
  </system-out>
  <testcase name="inconsistentBug" time="0.000" classname="flagsinTestNG.Flag6"/>
  <system-out>
    <![CDATA[hi]]>
  </system-out>
  <testcase name="inconsistentBug" time="0.000" classname="flagsinTestNG.Flag6"/>
  <system-out>
    <![CDATA[hi]]>
  </system-out>
  <testcase name="inconsistentBug" time="0.000" classname="flagsinTestNG.Flag6"/>
  <system-out>
    <![CDATA[hi]]>
  </system-out>
  <testcase name="inconsistentBug" time="0.000" classname="flagsinTestNG.Flag6"/>
  <system-out>
    <![CDATA[hi]]>
  </system-out>
  <testcase name="inconsistentBug" time="0.000" classname="flagsinTestNG.Flag6"/>
  <system-out>
    <![CDATA[hi]]>
  </system-out>
  <testcase name="inconsistentBug" time="0.000" classname="flagsinTestNG.Flag6"/>
  <system-out>
    <![CDATA[hi]]>
  </system-out>
  <testcase name="inconsistentBug" time="0.000" classname="flagsinTestNG.Flag6"/>
  <system-out>
    <![CDATA[hi]]>
  </system-out>
  <testcase name="inconsistentBug" time="0.001" classname="flagsinTestNG.Flag6"/>
  <system-out>
    <![CDATA[hi]]>
  </system-out>
  <testcase name="inconsistentBug" time="0.001" classname="flagsinTestNG.Flag6"/>
  <system-out>
    <![CDATA[hi]]>
  </system-out>
  <testcase name="inconsistentBug" time="0.000" classname="flagsinTestNG.Flag6"/>
  <system-out>
    <![CDATA[hi]]>
  </system-out>
  <testcase name="inconsistentBug" time="0.000" classname="flagsinTestNG.Flag6"/>
  <system-out>
    <![CDATA[hi]]>
  </system-out>
  <testcase name="inconsistentBug" time="0.000" classname="flagsinTestNG.Flag6"/>
  <system-out>
    <![CDATA[hi]]>
  </system-out>
  <testcase name="inconsistentBug" time="0.000" classname="flagsinTestNG.Flag6"/>
  <system-out>
    <![CDATA[hi]]>
  </system-out>
  <testcase name="inconsistentBug" time="0.000" classname="flagsinTestNG.Flag6"/>
  <system-out>
    <![CDATA[hi]]>
  </system-out>
  <testcase name="inconsistentBug" time="0.000" classname="flagsinTestNG.Flag6"/>
  <system-out>
    <![CDATA[hi]]>
  </system-out>
  <testcase name="inconsistentBug" time="0.000" classname="flagsinTestNG.Flag6"/>
  <system-out>
    <![CDATA[hi]]>
  </system-out>
  <testcase name="inconsistentBug" time="0.001" classname="flagsinTestNG.Flag6"/>
  <system-out>
    <![CDATA[hi]]>
  </system-out>
  <testcase name="inconsistentBug" time="0.001" classname="flagsinTestNG.Flag6"/>
  <system-out>
    <![CDATA[hi]]>
  </system-out>
  <testcase name="inconsistentBug" time="0.000" classname="flagsinTestNG.Flag6"/>
  <system-out>
    <![CDATA[hi]]>
  </system-out>
  <testcase name="inconsistentBug" time="0.001" classname="flagsinTestNG.Flag6"/>
  <system-out>
    <![CDATA[hi]]>
  </system-out>
  <testcase name="inconsistentBug" time="0.001" classname="flagsinTestNG.Flag6"/>
  <system-out>
    <![CDATA[hi]]>
  </system-out>
  <testcase name="inconsistentBug" time="0.003" classname="flagsinTestNG.Flag6"/>
  <system-out>
    <![CDATA[hi]]>
  </system-out>
  <testcase name="inconsistentBug" time="0.000" classname="flagsinTestNG.Flag6"/>
  <system-out>
    <![CDATA[hi]]>
  </system-out>
  <testcase name="inconsistentBug" time="0.001" classname="flagsinTestNG.Flag6"/>
  <system-out>
    <![CDATA[hi]]>
  </system-out>
  <testcase name="inconsistentBug" time="0.001" classname="flagsinTestNG.Flag6"/>
  <system-out>
    <![CDATA[hi]]>
  </system-out>
  <testcase name="inconsistentBug" time="0.001" classname="flagsinTestNG.Flag6"/>
  <system-out>
    <![CDATA[hi]]>
  </system-out>
  <testcase name="inconsistentBug" time="0.001" classname="flagsinTestNG.Flag6"/>
  <system-out>
    <![CDATA[hi]]>
  </system-out>
  <testcase name="inconsistentBug" time="0.000" classname="flagsinTestNG.Flag6"/>
  <system-out>
    <![CDATA[hi]]>
  </system-out>
  <testcase name="inconsistentBug" time="0.000" classname="flagsinTestNG.Flag6"/>
  <system-out>
    <![CDATA[hi]]>
  </system-out>
  <testcase name="inconsistentBug" time="0.000" classname="flagsinTestNG.Flag6"/>
  <system-out>
    <![CDATA[hi]]>
  </system-out>
  <testcase name="inconsistentBug" time="0.001" classname="flagsinTestNG.Flag6"/>
  <system-out>
    <![CDATA[hi]]>
  </system-out>
  <testcase name="inconsistentBug" time="0.000" classname="flagsinTestNG.Flag6"/>
  <system-out>
    <![CDATA[hi]]>
  </system-out>
  <testcase name="inconsistentBug" time="0.001" classname="flagsinTestNG.Flag6"/>
  <system-out>
    <![CDATA[hi]]>
  </system-out>
  <testcase name="inconsistentBug" time="0.001" classname="flagsinTestNG.Flag6"/>
  <system-out>
    <![CDATA[hi]]>
  </system-out>
  <testcase name="inconsistentBug" time="0.003" classname="flagsinTestNG.Flag6"/>
  <system-out>
    <![CDATA[hi]]>
  </system-out>
  <testcase name="inconsistentBug" time="0.000" classname="flagsinTestNG.Flag6"/>
  <system-out>
    <![CDATA[hi]]>
  </system-out>
  <testcase name="inconsistentBug" time="0.000" classname="flagsinTestNG.Flag6"/>
  <system-out>
    <![CDATA[hi]]>
  </system-out>
  <testcase name="inconsistentBug" time="0.001" classname="flagsinTestNG.Flag6"/>
  <system-out>
    <![CDATA[hi]]>
  </system-out>
  <testcase name="inconsistentBug" time="0.000" classname="flagsinTestNG.Flag6"/>
  <system-out>
    <![CDATA[hi]]>
  </system-out>
  <testcase name="inconsistentBug" time="0.001" classname="flagsinTestNG.Flag6"/>
  <system-out>
    <![CDATA[hi]]>
  </system-out>
  <testcase name="inconsistentBug" time="0.000" classname="flagsinTestNG.Flag6"/>
  <system-out>
    <![CDATA[hi]]>
  </system-out>
  <testcase name="inconsistentBug" time="0.000" classname="flagsinTestNG.Flag6"/>
  <system-out>
    <![CDATA[hi]]>
  </system-out>
  <testcase name="inconsistentBug" time="0.000" classname="flagsinTestNG.Flag6"/>
  <system-out>
    <![CDATA[hi]]>
  </system-out>
  <testcase name="inconsistentBug" time="0.000" classname="flagsinTestNG.Flag6"/>
  <system-out>
    <![CDATA[hi]]>
  </system-out>
  <testcase name="inconsistentBug" time="0.000" classname="flagsinTestNG.Flag6"/>
  <system-out>
    <![CDATA[hi]]>
  </system-out>
  <testcase name="inconsistentBug" time="0.000" classname="flagsinTestNG.Flag6"/>
  <system-out>
    <![CDATA[hi]]>
  </system-out>
  <testcase name="inconsistentBug" time="0.001" classname="flagsinTestNG.Flag6"/>
  <system-out>
    <![CDATA[hi]]>
  </system-out>
  <testcase name="inconsistentBug" time="0.000" classname="flagsinTestNG.Flag6"/>
  <system-out>
    <![CDATA[hi]]>
  </system-out>
  <testcase name="inconsistentBug" time="0.000" classname="flagsinTestNG.Flag6"/>
  <system-out>
    <![CDATA[hi]]>
  </system-out>
  <testcase name="inconsistentBug" time="0.000" classname="flagsinTestNG.Flag6"/>
  <system-out>
    <![CDATA[hi]]>
  </system-out>
  <testcase name="inconsistentBug" time="0.001" classname="flagsinTestNG.Flag6"/>
  <system-out>
    <![CDATA[hi]]>
  </system-out>
  <testcase name="inconsistentBug" time="0.001" classname="flagsinTestNG.Flag6"/>
  <system-out>
    <![CDATA[hi]]>
  </system-out>
  <testcase name="inconsistentBug" time="0.000" classname="flagsinTestNG.Flag6"/>
  <system-out>
    <![CDATA[hi]]>
  </system-out>
  <testcase name="inconsistentBug" time="0.072" classname="flagsinTestNG.Flag6"/>
  <system-out>
    <![CDATA[hi]]>
  </system-out>
  <testcase name="inconsistentBug" time="0.001" classname="flagsinTestNG.Flag6"/>
  <system-out>
    <![CDATA[hi]]>
  </system-out>
  <testcase name="inconsistentBug" time="0.000" classname="flagsinTestNG.Flag6"/>
  <system-out>
    <![CDATA[hi]]>
  </system-out>
  <testcase name="inconsistentBug" time="0.001" classname="flagsinTestNG.Flag6"/>
  <system-out>
    <![CDATA[hi]]>
  </system-out>
  <testcase name="inconsistentBug" time="0.001" classname="flagsinTestNG.Flag6"/>
  <system-out>
    <![CDATA[hi]]>
  </system-out>
  <testcase name="inconsistentBug" time="0.000" classname="flagsinTestNG.Flag6"/>
  <system-out>
    <![CDATA[hi]]>
  </system-out>
  <testcase name="inconsistentBug" time="0.001" classname="flagsinTestNG.Flag6"/>
  <system-out>
    <![CDATA[hi]]>
  </system-out>
  <testcase name="inconsistentBug" time="0.000" classname="flagsinTestNG.Flag6"/>
  <system-out>
    <![CDATA[hi]]>
  </system-out>
  <testcase name="inconsistentBug" time="0.001" classname="flagsinTestNG.Flag6"/>
  <system-out>
    <![CDATA[hi]]>
  </system-out>
  <testcase name="inconsistentBug" time="0.000" classname="flagsinTestNG.Flag6"/>
  <system-out>
    <![CDATA[hi]]>
  </system-out>
  <testcase name="inconsistentBug" time="0.001" classname="flagsinTestNG.Flag6"/>
  <system-out>
    <![CDATA[hi]]>
  </system-out>
  <testcase name="inconsistentBug" time="0.003" classname="flagsinTestNG.Flag6"/>
  <system-out>
    <![CDATA[hi]]>
  </system-out>
  <testcase name="inconsistentBug" time="0.000" classname="flagsinTestNG.Flag6"/>
  <system-out>
    <![CDATA[hi]]>
  </system-out>
  <testcase name="inconsistentBug" time="0.000" classname="flagsinTestNG.Flag6"/>
  <system-out>
    <![CDATA[hi]]>
  </system-out>
  <testcase name="inconsistentBug" time="0.002" classname="flagsinTestNG.Flag6"/>
  <system-out>
    <![CDATA[hi]]>
  </system-out>
  <testcase name="inconsistentBug" time="0.000" classname="flagsinTestNG.Flag6"/>
  <system-out>
    <![CDATA[hi]]>
  </system-out>
  <testcase name="inconsistentBug" time="0.000" classname="flagsinTestNG.Flag6"/>
  <system-out>
    <![CDATA[hi]]>
  </system-out>
  <testcase name="inconsistentBug" time="0.000" classname="flagsinTestNG.Flag6"/>
  <system-out>
    <![CDATA[hi]]>
  </system-out>
  <testcase name="inconsistentBug" time="0.000" classname="flagsinTestNG.Flag6"/>
  <system-out>
    <![CDATA[hi]]>
  </system-out>
  <testcase name="inconsistentBug" time="0.001" classname="flagsinTestNG.Flag6"/>
  <system-out>
    <![CDATA[hi]]>
  </system-out>
  <testcase name="inconsistentBug" time="0.001" classname="flagsinTestNG.Flag6"/>
  <system-out>
    <![CDATA[hi]]>
  </system-out>
  <testcase name="inconsistentBug" time="0.000" classname="flagsinTestNG.Flag6"/>
  <system-out>
    <![CDATA[hi]]>
  </system-out>
  <testcase name="inconsistentBug" time="0.001" classname="flagsinTestNG.Flag6"/>
  <system-out>
    <![CDATA[hi]]>
  </system-out>
  <testcase name="inconsistentBug" time="0.001" classname="flagsinTestNG.Flag6"/>
  <system-out>
    <![CDATA[hi]]>
  </system-out>
  <testcase name="inconsistentBug" time="0.002" classname="flagsinTestNG.Flag6"/>
  <system-out>
    <![CDATA[hi]]>
  </system-out>
  <testcase name="inconsistentBug" time="0.000" classname="flagsinTestNG.Flag6"/>
  <system-out>
    <![CDATA[hi]]>
  </system-out>
  <testcase name="inconsistentBug" time="0.000" classname="flagsinTestNG.Flag6"/>
  <system-out>
    <![CDATA[hi]]>
  </system-out>
  <testcase name="inconsistentBug" time="0.001" classname="flagsinTestNG.Flag6"/>
  <system-out>
    <![CDATA[hi]]>
  </system-out>
  <testcase name="inconsistentBug" time="0.001" classname="flagsinTestNG.Flag6"/>
  <system-out>
    <![CDATA[hi]]>
  </system-out>
  <testcase name="inconsistentBug" time="0.001" classname="flagsinTestNG.Flag6"/>
  <system-out>
    <![CDATA[hi]]>
  </system-out>
  <testcase name="inconsistentBug" time="0.000" classname="flagsinTestNG.Flag6"/>
  <system-out>
    <![CDATA[hi]]>
  </system-out>
  <testcase name="inconsistentBug" time="0.001" classname="flagsinTestNG.Flag6"/>
  <system-out>
    <![CDATA[hi]]>
  </system-out>
  <testcase name="inconsistentBug" time="0.001" classname="flagsinTestNG.Flag6"/>
  <system-out>
    <![CDATA[hi]]>
  </system-out>
  <testcase name="inconsistentBug" time="0.001" classname="flagsinTestNG.Flag6"/>
  <system-out>
    <![CDATA[hi]]>
  </system-out>
  <testcase name="inconsistentBug" time="0.001" classname="flagsinTestNG.Flag6"/>
  <system-out>
    <![CDATA[hi]]>
  </system-out>
  <testcase name="inconsistentBug" time="0.001" classname="flagsinTestNG.Flag6"/>
  <system-out>
    <![CDATA[hi]]>
  </system-out>
  <testcase name="inconsistentBug" time="0.001" classname="flagsinTestNG.Flag6"/>
  <system-out>
    <![CDATA[hi]]>
  </system-out>
  <testcase name="inconsistentBug" time="0.002" classname="flagsinTestNG.Flag6"/>
  <system-out>
    <![CDATA[hi]]>
  </system-out>
  <testcase name="inconsistentBug" time="0.000" classname="flagsinTestNG.Flag6"/>
  <system-out>
    <![CDATA[hi]]>
  </system-out>
  <testcase name="inconsistentBug" time="0.001" classname="flagsinTestNG.Flag6"/>
  <system-out>
    <![CDATA[hi]]>
  </system-out>
  <testcase name="inconsistentBug" time="0.000" classname="flagsinTestNG.Flag6"/>
  <system-out>
    <![CDATA[hi]]>
  </system-out>
  <testcase name="inconsistentBug" time="0.001" classname="flagsinTestNG.Flag6"/>
  <system-out>
    <![CDATA[hi]]>
  </system-out>
  <testcase name="inconsistentBug" time="0.001" classname="flagsinTestNG.Flag6"/>
  <system-out>
    <![CDATA[hi]]>
  </system-out>
  <testcase name="inconsistentBug" time="0.000" classname="flagsinTestNG.Flag6"/>
  <system-out>
    <![CDATA[hi]]>
  </system-out>
  <testcase name="inconsistentBug" time="0.000" classname="flagsinTestNG.Flag6"/>
  <system-out>
    <![CDATA[hi]]>
  </system-out>
  <testcase name="inconsistentBug" time="0.000" classname="flagsinTestNG.Flag6"/>
  <system-out>
    <![CDATA[hi]]>
  </system-out>
  <testcase name="inconsistentBug" time="0.001" classname="flagsinTestNG.Flag6"/>
  <system-out>
    <![CDATA[hi]]>
  </system-out>
  <testcase name="inconsistentBug" time="0.002" classname="flagsinTestNG.Flag6"/>
  <system-out>
    <![CDATA[hi]]>
  </system-out>
  <testcase name="inconsistentBug" time="0.001" classname="flagsinTestNG.Flag6"/>
  <system-out>
    <![CDATA[hi]]>
  </system-out>
  <testcase name="inconsistentBug" time="0.001" classname="flagsinTestNG.Flag6"/>
  <system-out>
    <![CDATA[hi]]>
  </system-out>
  <testcase name="inconsistentBug" time="0.001" classname="flagsinTestNG.Flag6"/>
  <system-out>
    <![CDATA[hi]]>
  </system-out>
  <testcase name="inconsistentBug" time="0.001" classname="flagsinTestNG.Flag6"/>
  <system-out>
    <![CDATA[hi]]>
  </system-out>
  <testcase name="inconsistentBug" time="0.001" classname="flagsinTestNG.Flag6"/>
  <system-out>
    <![CDATA[hi]]>
  </system-out>
  <testcase name="inconsistentBug" time="0.000" classname="flagsinTestNG.Flag6"/>
  <system-out>
    <![CDATA[hi]]>
  </system-out>
  <testcase name="inconsistentBug" time="0.000" classname="flagsinTestNG.Flag6"/>
  <system-out>
    <![CDATA[hi]]>
  </system-out>
  <testcase name="inconsistentBug" time="0.001" classname="flagsinTestNG.Flag6"/>
  <system-out>
    <![CDATA[hi]]>
  </system-out>
  <testcase name="inconsistentBug" time="0.001" classname="flagsinTestNG.Flag6"/>
  <system-out>
    <![CDATA[hi]]>
  </system-out>
  <testcase name="inconsistentBug" time="0.001" classname="flagsinTestNG.Flag6"/>
  <system-out>
    <![CDATA[hi]]>
  </system-out>
  <testcase name="inconsistentBug" time="0.002" classname="flagsinTestNG.Flag6"/>
  <system-out>
    <![CDATA[hi]]>
  </system-out>
  <testcase name="inconsistentBug" time="0.001" classname="flagsinTestNG.Flag6"/>
  <system-out>
    <![CDATA[hi]]>
  </system-out>
  <testcase name="inconsistentBug" time="0.000" classname="flagsinTestNG.Flag6"/>
  <system-out>
    <![CDATA[hi]]>
  </system-out>
  <testcase name="inconsistentBug" time="0.000" classname="flagsinTestNG.Flag6"/>
  <system-out>
    <![CDATA[hi]]>
  </system-out>
  <testcase name="inconsistentBug" time="0.000" classname="flagsinTestNG.Flag6"/>
  <system-out>
    <![CDATA[hi]]>
  </system-out>
  <testcase name="inconsistentBug" time="0.000" classname="flagsinTestNG.Flag6"/>
  <system-out>
    <![CDATA[hi]]>
  </system-out>
  <testcase name="inconsistentBug" time="0.001" classname="flagsinTestNG.Flag6"/>
  <system-out>
    <![CDATA[hi]]>
  </system-out>
  <testcase name="inconsistentBug" time="0.000" classname="flagsinTestNG.Flag6"/>
  <system-out>
    <![CDATA[hi]]>
  </system-out>
  <testcase name="inconsistentBug" time="0.002" classname="flagsinTestNG.Flag6"/>
  <system-out>
    <![CDATA[hi]]>
  </system-out>
  <testcase name="inconsistentBug" time="0.000" classname="flagsinTestNG.Flag6"/>
  <system-out>
    <![CDATA[hi]]>
  </system-out>
  <testcase name="inconsistentBug" time="0.000" classname="flagsinTestNG.Flag6"/>
  <system-out>
    <![CDATA[hi]]>
  </system-out>
  <testcase name="inconsistentBug" time="0.001" classname="flagsinTestNG.Flag6"/>
  <system-out>
    <![CDATA[hi]]>
  </system-out>
  <testcase name="inconsistentBug" time="0.000" classname="flagsinTestNG.Flag6"/>
  <system-out>
    <![CDATA[hi]]>
  </system-out>
  <testcase name="inconsistentBug" time="0.000" classname="flagsinTestNG.Flag6"/>
  <system-out>
    <![CDATA[hi]]>
  </system-out>
  <testcase name="inconsistentBug" time="0.002" classname="flagsinTestNG.Flag6"/>
  <system-out>
    <![CDATA[hi]]>
  </system-out>
  <testcase name="inconsistentBug" time="0.001" classname="flagsinTestNG.Flag6"/>
  <system-out>
    <![CDATA[hi]]>
  </system-out>
  <testcase name="inconsistentBug" time="0.000" classname="flagsinTestNG.Flag6"/>
  <system-out>
    <![CDATA[hi]]>
  </system-out>
  <testcase name="inconsistentBug" time="0.001" classname="flagsinTestNG.Flag6"/>
  <system-out>
    <![CDATA[hi]]>
  </system-out>
  <testcase name="inconsistentBug" time="0.001" classname="flagsinTestNG.Flag6"/>
  <system-out>
    <![CDATA[hi]]>
  </system-out>
  <testcase name="inconsistentBug" time="0.006" classname="flagsinTestNG.Flag6"/>
  <system-out>
    <![CDATA[hi]]>
  </system-out>
  <testcase name="inconsistentBug" time="0.001" classname="flagsinTestNG.Flag6"/>
  <system-out>
    <![CDATA[hi]]>
  </system-out>
  <testcase name="inconsistentBug" time="0.000" classname="flagsinTestNG.Flag6"/>
  <system-out>
    <![CDATA[hi]]>
  </system-out>
  <testcase name="inconsistentBug" time="0.000" classname="flagsinTestNG.Flag6"/>
  <system-out>
    <![CDATA[hi]]>
  </system-out>
  <testcase name="inconsistentBug" time="0.000" classname="flagsinTestNG.Flag6"/>
  <system-out>
    <![CDATA[hi]]>
  </system-out>
  <testcase name="inconsistentBug" time="0.001" classname="flagsinTestNG.Flag6"/>
  <system-out>
    <![CDATA[hi]]>
  </system-out>
  <testcase name="inconsistentBug" time="0.000" classname="flagsinTestNG.Flag6"/>
  <system-out>
    <![CDATA[hi]]>
  </system-out>
  <testcase name="inconsistentBug" time="0.000" classname="flagsinTestNG.Flag6"/>
  <system-out>
    <![CDATA[hi]]>
  </system-out>
  <testcase name="inconsistentBug" time="0.001" classname="flagsinTestNG.Flag6"/>
  <system-out>
    <![CDATA[hi]]>
  </system-out>
  <testcase name="inconsistentBug" time="0.001" classname="flagsinTestNG.Flag6"/>
  <system-out>
    <![CDATA[hi]]>
  </system-out>
  <testcase name="inconsistentBug" time="0.001" classname="flagsinTestNG.Flag6"/>
  <system-out>
    <![CDATA[hi]]>
  </system-out>
  <testcase name="inconsistentBug" time="0.001" classname="flagsinTestNG.Flag6"/>
  <system-out>
    <![CDATA[hi]]>
  </system-out>
  <testcase name="inconsistentBug" time="0.000" classname="flagsinTestNG.Flag6"/>
  <system-out>
    <![CDATA[hi]]>
  </system-out>
  <testcase name="inconsistentBug" time="0.000" classname="flagsinTestNG.Flag6"/>
  <system-out>
    <![CDATA[hi]]>
  </system-out>
  <testcase name="inconsistentBug" time="0.000" classname="flagsinTestNG.Flag6"/>
  <system-out>
    <![CDATA[hi]]>
  </system-out>
  <testcase name="inconsistentBug" time="0.000" classname="flagsinTestNG.Flag6"/>
  <system-out>
    <![CDATA[hi]]>
  </system-out>
  <testcase name="inconsistentBug" time="0.001" classname="flagsinTestNG.Flag6"/>
  <system-out>
    <![CDATA[hi]]>
  </system-out>
  <testcase name="inconsistentBug" time="0.001" classname="flagsinTestNG.Flag6"/>
  <system-out>
    <![CDATA[hi]]>
  </system-out>
  <testcase name="inconsistentBug" time="0.004" classname="flagsinTestNG.Flag6"/>
  <system-out>
    <![CDATA[hi]]>
  </system-out>
  <testcase name="inconsistentBug" time="0.000" classname="flagsinTestNG.Flag6"/>
  <system-out>
    <![CDATA[hi]]>
  </system-out>
  <testcase name="inconsistentBug" time="0.000" classname="flagsinTestNG.Flag6"/>
  <system-out>
    <![CDATA[hi]]>
  </system-out>
  <testcase name="inconsistentBug" time="0.001" classname="flagsinTestNG.Flag6"/>
  <system-out>
    <![CDATA[hi]]>
  </system-out>
  <testcase name="inconsistentBug" time="0.001" classname="flagsinTestNG.Flag6"/>
  <system-out>
    <![CDATA[hi]]>
  </system-out>
  <testcase name="inconsistentBug" time="0.000" classname="flagsinTestNG.Flag6"/>
  <system-out>
    <![CDATA[hi]]>
  </system-out>
  <testcase name="inconsistentBug" time="0.000" classname="flagsinTestNG.Flag6"/>
  <system-out>
    <![CDATA[hi]]>
  </system-out>
  <testcase name="inconsistentBug" time="0.001" classname="flagsinTestNG.Flag6"/>
  <system-out>
    <![CDATA[hi]]>
  </system-out>
  <testcase name="inconsistentBug" time="0.001" classname="flagsinTestNG.Flag6"/>
  <system-out>
    <![CDATA[hi]]>
  </system-out>
  <testcase name="inconsistentBug" time="0.001" classname="flagsinTestNG.Flag6"/>
  <system-out>
    <![CDATA[hi]]>
  </system-out>
  <testcase name="inconsistentBug" time="0.003" classname="flagsinTestNG.Flag6"/>
  <system-out>
    <![CDATA[hi]]>
  </system-out>
  <testcase name="inconsistentBug" time="0.001" classname="flagsinTestNG.Flag6"/>
  <system-out>
    <![CDATA[hi]]>
  </system-out>
  <testcase name="inconsistentBug" time="0.000" classname="flagsinTestNG.Flag6"/>
  <system-out>
    <![CDATA[hi]]>
  </system-out>
  <testcase name="inconsistentBug" time="0.001" classname="flagsinTestNG.Flag6"/>
  <system-out>
    <![CDATA[hi]]>
  </system-out>
  <testcase name="inconsistentBug" time="0.001" classname="flagsinTestNG.Flag6"/>
  <system-out>
    <![CDATA[hi]]>
  </system-out>
  <testcase name="inconsistentBug" time="0.001" classname="flagsinTestNG.Flag6"/>
  <system-out>
    <![CDATA[hi]]>
  </system-out>
  <testcase name="inconsistentBug" time="0.000" classname="flagsinTestNG.Flag6"/>
  <system-out>
    <![CDATA[hi]]>
  </system-out>
  <testcase name="inconsistentBug" time="0.000" classname="flagsinTestNG.Flag6"/>
  <system-out>
    <![CDATA[hi]]>
  </system-out>
  <testcase name="inconsistentBug" time="0.001" classname="flagsinTestNG.Flag6"/>
  <system-out>
    <![CDATA[hi]]>
  </system-out>
  <testcase name="inconsistentBug" time="0.000" classname="flagsinTestNG.Flag6"/>
  <system-out>
    <![CDATA[hi]]>
  </system-out>
  <testcase name="inconsistentBug" time="0.001" classname="flagsinTestNG.Flag6"/>
  <system-out>
    <![CDATA[hi]]>
  </system-out>
  <testcase name="inconsistentBug" time="0.001" classname="flagsinTestNG.Flag6"/>
  <system-out>
    <![CDATA[hi]]>
  </system-out>
  <testcase name="inconsistentBug" time="0.000" classname="flagsinTestNG.Flag6"/>
  <system-out>
    <![CDATA[hi]]>
  </system-out>
  <testcase name="inconsistentBug" time="0.000" classname="flagsinTestNG.Flag6"/>
  <system-out>
    <![CDATA[hi]]>
  </system-out>
  <testcase name="inconsistentBug" time="0.001" classname="flagsinTestNG.Flag6"/>
  <system-out>
    <![CDATA[hi]]>
  </system-out>
  <testcase name="inconsistentBug" time="0.001" classname="flagsinTestNG.Flag6"/>
  <system-out>
    <![CDATA[hi]]>
  </system-out>
  <testcase name="inconsistentBug" time="0.001" classname="flagsinTestNG.Flag6"/>
  <system-out>
    <![CDATA[hi]]>
  </system-out>
  <testcase name="inconsistentBug" time="0.000" classname="flagsinTestNG.Flag6"/>
  <system-out>
    <![CDATA[hi]]>
  </system-out>
  <testcase name="inconsistentBug" time="0.000" classname="flagsinTestNG.Flag6"/>
  <system-out>
    <![CDATA[hi]]>
  </system-out>
  <testcase name="inconsistentBug" time="0.001" classname="flagsinTestNG.Flag6"/>
  <system-out>
    <![CDATA[hi]]>
  </system-out>
  <testcase name="inconsistentBug" time="0.000" classname="flagsinTestNG.Flag6"/>
  <system-out>
    <![CDATA[hi]]>
  </system-out>
  <testcase name="inconsistentBug" time="0.001" classname="flagsinTestNG.Flag6"/>
  <system-out>
    <![CDATA[hi]]>
  </system-out>
  <testcase name="inconsistentBug" time="0.001" classname="flagsinTestNG.Flag6"/>
  <system-out>
    <![CDATA[hi]]>
  </system-out>
  <testcase name="inconsistentBug" time="0.000" classname="flagsinTestNG.Flag6"/>
  <system-out>
    <![CDATA[hi]]>
  </system-out>
  <testcase name="inconsistentBug" time="0.001" classname="flagsinTestNG.Flag6"/>
  <system-out>
    <![CDATA[hi]]>
  </system-out>
  <testcase name="inconsistentBug" time="0.001" classname="flagsinTestNG.Flag6"/>
  <system-out>
    <![CDATA[hi]]>
  </system-out>
  <testcase name="inconsistentBug" time="0.000" classname="flagsinTestNG.Flag6"/>
  <system-out>
    <![CDATA[hi]]>
  </system-out>
  <testcase name="inconsistentBug" time="0.000" classname="flagsinTestNG.Flag6"/>
  <system-out>
    <![CDATA[hi]]>
  </system-out>
  <testcase name="inconsistentBug" time="0.001" classname="flagsinTestNG.Flag6"/>
  <system-out>
    <![CDATA[hi]]>
  </system-out>
  <testcase name="inconsistentBug" time="0.000" classname="flagsinTestNG.Flag6"/>
  <system-out>
    <![CDATA[hi]]>
  </system-out>
  <testcase name="inconsistentBug" time="0.001" classname="flagsinTestNG.Flag6"/>
  <system-out>
    <![CDATA[hi]]>
  </system-out>
  <testcase name="inconsistentBug" time="0.001" classname="flagsinTestNG.Flag6"/>
  <system-out>
    <![CDATA[hi]]>
  </system-out>
  <testcase name="inconsistentBug" time="0.001" classname="flagsinTestNG.Flag6"/>
  <system-out>
    <![CDATA[hi]]>
  </system-out>
  <testcase name="inconsistentBug" time="0.000" classname="flagsinTestNG.Flag6"/>
  <system-out>
    <![CDATA[hi]]>
  </system-out>
  <testcase name="inconsistentBug" time="0.000" classname="flagsinTestNG.Flag6"/>
  <system-out>
    <![CDATA[hi]]>
  </system-out>
  <testcase name="inconsistentBug" time="0.000" classname="flagsinTestNG.Flag6"/>
  <system-out>
    <![CDATA[hi]]>
  </system-out>
  <testcase name="inconsistentBug" time="0.001" classname="flagsinTestNG.Flag6"/>
  <system-out>
    <![CDATA[hi]]>
  </system-out>
  <testcase name="inconsistentBug" time="0.001" classname="flagsinTestNG.Flag6"/>
  <system-out>
    <![CDATA[hi]]>
  </system-out>
  <testcase name="inconsistentBug" time="0.000" classname="flagsinTestNG.Flag6"/>
  <system-out>
    <![CDATA[hi]]>
  </system-out>
  <testcase name="inconsistentBug" time="0.000" classname="flagsinTestNG.Flag6"/>
  <system-out>
    <![CDATA[hi]]>
  </system-out>
  <testcase name="inconsistentBug" time="0.000" classname="flagsinTestNG.Flag6"/>
  <system-out>
    <![CDATA[hi]]>
  </system-out>
  <testcase name="inconsistentBug" time="0.000" classname="flagsinTestNG.Flag6"/>
  <system-out>
    <![CDATA[hi]]>
  </system-out>
  <testcase name="inconsistentBug" time="0.001" classname="flagsinTestNG.Flag6"/>
  <system-out>
    <![CDATA[hi]]>
  </system-out>
  <testcase name="inconsistentBug" time="0.001" classname="flagsinTestNG.Flag6"/>
  <system-out>
    <![CDATA[hi]]>
  </system-out>
  <testcase name="inconsistentBug" time="0.000" classname="flagsinTestNG.Flag6"/>
  <system-out>
    <![CDATA[hi]]>
  </system-out>
  <testcase name="inconsistentBug" time="0.000" classname="flagsinTestNG.Flag6"/>
  <system-out>
    <![CDATA[hi]]>
  </system-out>
  <testcase name="inconsistentBug" time="0.002" classname="flagsinTestNG.Flag6"/>
  <system-out>
    <![CDATA[hi]]>
  </system-out>
  <testcase name="inconsistentBug" time="0.001" classname="flagsinTestNG.Flag6"/>
  <system-out>
    <![CDATA[hi]]>
  </system-out>
  <testcase name="inconsistentBug" time="0.001" classname="flagsinTestNG.Flag6"/>
  <system-out>
    <![CDATA[hi]]>
  </system-out>
  <testcase name="inconsistentBug" time="0.001" classname="flagsinTestNG.Flag6"/>
  <system-out>
    <![CDATA[hi]]>
  </system-out>
  <testcase name="inconsistentBug" time="0.001" classname="flagsinTestNG.Flag6"/>
  <system-out>
    <![CDATA[hi]]>
  </system-out>
  <testcase name="inconsistentBug" time="0.000" classname="flagsinTestNG.Flag6"/>
  <system-out>
    <![CDATA[hi]]>
  </system-out>
  <testcase name="inconsistentBug" time="0.000" classname="flagsinTestNG.Flag6"/>
  <system-out>
    <![CDATA[hi]]>
  </system-out>
  <testcase name="inconsistentBug" time="0.000" classname="flagsinTestNG.Flag6"/>
  <system-out>
    <![CDATA[hi]]>
  </system-out>
  <testcase name="inconsistentBug" time="0.000" classname="flagsinTestNG.Flag6"/>
  <system-out>
    <![CDATA[hi]]>
  </system-out>
  <testcase name="inconsistentBug" time="0.003" classname="flagsinTestNG.Flag6"/>
  <system-out>
    <![CDATA[hi]]>
  </system-out>
  <testcase name="inconsistentBug" time="0.001" classname="flagsinTestNG.Flag6"/>
  <system-out>
    <![CDATA[hi]]>
  </system-out>
  <testcase name="inconsistentBug" time="0.000" classname="flagsinTestNG.Flag6"/>
  <system-out>
    <![CDATA[hi]]>
  </system-out>
  <testcase name="inconsistentBug" time="0.001" classname="flagsinTestNG.Flag6"/>
  <system-out>
    <![CDATA[hi]]>
  </system-out>
  <testcase name="inconsistentBug" time="0.000" classname="flagsinTestNG.Flag6"/>
  <system-out>
    <![CDATA[hi]]>
  </system-out>
  <testcase name="inconsistentBug" time="0.001" classname="flagsinTestNG.Flag6"/>
  <system-out>
    <![CDATA[hi]]>
  </system-out>
  <testcase name="inconsistentBug" time="0.000" classname="flagsinTestNG.Flag6"/>
  <system-out>
    <![CDATA[hi]]>
  </system-out>
  <testcase name="inconsistentBug" time="0.000" classname="flagsinTestNG.Flag6"/>
  <system-out>
    <![CDATA[hi]]>
  </system-out>
  <testcase name="inconsistentBug" time="0.000" classname="flagsinTestNG.Flag6"/>
  <system-out>
    <![CDATA[hi]]>
  </system-out>
  <testcase name="inconsistentBug" time="0.000" classname="flagsinTestNG.Flag6"/>
  <system-out>
    <![CDATA[hi]]>
  </system-out>
  <testcase name="inconsistentBug" time="0.000" classname="flagsinTestNG.Flag6"/>
  <system-out>
    <![CDATA[hi]]>
  </system-out>
  <testcase name="inconsistentBug" time="0.001" classname="flagsinTestNG.Flag6"/>
  <system-out>
    <![CDATA[hi]]>
  </system-out>
  <testcase name="inconsistentBug" time="0.001" classname="flagsinTestNG.Flag6"/>
  <system-out>
    <![CDATA[hi]]>
  </system-out>
  <testcase name="inconsistentBug" time="0.001" classname="flagsinTestNG.Flag6"/>
  <system-out>
    <![CDATA[hi]]>
  </system-out>
  <testcase name="inconsistentBug" time="0.000" classname="flagsinTestNG.Flag6"/>
  <system-out>
    <![CDATA[hi]]>
  </system-out>
  <testcase name="inconsistentBug" time="0.000" classname="flagsinTestNG.Flag6"/>
  <system-out>
    <![CDATA[hi]]>
  </system-out>
  <testcase name="inconsistentBug" time="0.000" classname="flagsinTestNG.Flag6"/>
  <system-out>
    <![CDATA[hi]]>
  </system-out>
  <testcase name="inconsistentBug" time="0.000" classname="flagsinTestNG.Flag6"/>
  <system-out>
    <![CDATA[hi]]>
  </system-out>
  <testcase name="inconsistentBug" time="0.000" classname="flagsinTestNG.Flag6"/>
  <system-out>
    <![CDATA[hi]]>
  </system-out>
  <testcase name="inconsistentBug" time="0.001" classname="flagsinTestNG.Flag6"/>
  <system-out>
    <![CDATA[hi]]>
  </system-out>
  <testcase name="inconsistentBug" time="0.001" classname="flagsinTestNG.Flag6"/>
  <system-out>
    <![CDATA[hi]]>
  </system-out>
  <testcase name="inconsistentBug" time="0.002" classname="flagsinTestNG.Flag6"/>
  <system-out>
    <![CDATA[hi]]>
  </system-out>
  <testcase name="inconsistentBug" time="0.002" classname="flagsinTestNG.Flag6"/>
  <system-out>
    <![CDATA[hi]]>
  </system-out>
  <testcase name="inconsistentBug" time="0.000" classname="flagsinTestNG.Flag6"/>
  <system-out>
    <![CDATA[hi]]>
  </system-out>
  <testcase name="inconsistentBug" time="0.000" classname="flagsinTestNG.Flag6"/>
  <system-out>
    <![CDATA[hi]]>
  </system-out>
  <testcase name="inconsistentBug" time="0.001" classname="flagsinTestNG.Flag6"/>
  <system-out>
    <![CDATA[hi]]>
  </system-out>
  <testcase name="inconsistentBug" time="0.000" classname="flagsinTestNG.Flag6"/>
  <system-out>
    <![CDATA[hi]]>
  </system-out>
  <testcase name="inconsistentBug" time="0.001" classname="flagsinTestNG.Flag6"/>
  <system-out>
    <![CDATA[hi]]>
  </system-out>
  <testcase name="inconsistentBug" time="0.002" classname="flagsinTestNG.Flag6"/>
  <system-out>
    <![CDATA[hi]]>
  </system-out>
  <testcase name="inconsistentBug" time="0.001" classname="flagsinTestNG.Flag6"/>
  <system-out>
    <![CDATA[hi]]>
  </system-out>
  <testcase name="inconsistentBug" time="0.001" classname="flagsinTestNG.Flag6"/>
  <system-out>
    <![CDATA[hi]]>
  </system-out>
  <testcase name="inconsistentBug" time="0.000" classname="flagsinTestNG.Flag6"/>
  <system-out>
    <![CDATA[hi]]>
  </system-out>
  <testcase name="inconsistentBug" time="0.000" classname="flagsinTestNG.Flag6"/>
  <system-out>
    <![CDATA[hi]]>
  </system-out>
  <testcase name="inconsistentBug" time="0.001" classname="flagsinTestNG.Flag6"/>
  <system-out>
    <![CDATA[hi]]>
  </system-out>
  <testcase name="inconsistentBug" time="0.000" classname="flagsinTestNG.Flag6"/>
  <system-out>
    <![CDATA[hi]]>
  </system-out>
  <testcase name="inconsistentBug" time="0.001" classname="flagsinTestNG.Flag6"/>
  <system-out>
    <![CDATA[hi]]>
  </system-out>
  <testcase name="inconsistentBug" time="0.000" classname="flagsinTestNG.Flag6"/>
  <system-out>
    <![CDATA[hi]]>
  </system-out>
  <testcase name="inconsistentBug" time="0.000" classname="flagsinTestNG.Flag6"/>
  <system-out>
    <![CDATA[hi]]>
  </system-out>
  <testcase name="inconsistentBug" time="0.002" classname="flagsinTestNG.Flag6"/>
  <system-out>
    <![CDATA[hi]]>
  </system-out>
  <testcase name="inconsistentBug" time="0.000" classname="flagsinTestNG.Flag6"/>
  <system-out>
    <![CDATA[hi]]>
  </system-out>
  <testcase name="inconsistentBug" time="0.001" classname="flagsinTestNG.Flag6"/>
  <system-out>
    <![CDATA[hi]]>
  </system-out>
  <testcase name="inconsistentBug" time="0.000" classname="flagsinTestNG.Flag6"/>
  <system-out>
    <![CDATA[hi]]>
  </system-out>
  <testcase name="inconsistentBug" time="0.001" classname="flagsinTestNG.Flag6"/>
  <system-out>
    <![CDATA[hi]]>
  </system-out>
  <testcase name="inconsistentBug" time="0.001" classname="flagsinTestNG.Flag6"/>
  <system-out>
    <![CDATA[hi]]>
  </system-out>
  <testcase name="inconsistentBug" time="0.000" classname="flagsinTestNG.Flag6"/>
  <system-out>
    <![CDATA[hi]]>
  </system-out>
  <testcase name="inconsistentBug" time="0.000" classname="flagsinTestNG.Flag6"/>
  <system-out>
    <![CDATA[hi]]>
  </system-out>
  <testcase name="inconsistentBug" time="0.001" classname="flagsinTestNG.Flag6"/>
  <system-out>
    <![CDATA[hi]]>
  </system-out>
  <testcase name="inconsistentBug" time="0.001" classname="flagsinTestNG.Flag6"/>
  <system-out>
    <![CDATA[hi]]>
  </system-out>
  <testcase name="inconsistentBug" time="0.000" classname="flagsinTestNG.Flag6"/>
  <system-out>
    <![CDATA[hi]]>
  </system-out>
  <testcase name="inconsistentBug" time="0.001" classname="flagsinTestNG.Flag6"/>
  <system-out>
    <![CDATA[hi]]>
  </system-out>
  <testcase name="inconsistentBug" time="0.001" classname="flagsinTestNG.Flag6"/>
  <system-out>
    <![CDATA[hi]]>
  </system-out>
  <testcase name="inconsistentBug" time="0.001" classname="flagsinTestNG.Flag6"/>
  <system-out>
    <![CDATA[hi]]>
  </system-out>
  <testcase name="inconsistentBug" time="0.000" classname="flagsinTestNG.Flag6"/>
  <system-out>
    <![CDATA[hi]]>
  </system-out>
  <testcase name="inconsistentBug" time="0.000" classname="flagsinTestNG.Flag6"/>
  <system-out>
    <![CDATA[hi]]>
  </system-out>
  <testcase name="inconsistentBug" time="0.000" classname="flagsinTestNG.Flag6"/>
  <system-out>
    <![CDATA[hi]]>
  </system-out>
  <testcase name="inconsistentBug" time="0.000" classname="flagsinTestNG.Flag6"/>
  <system-out>
    <![CDATA[hi]]>
  </system-out>
  <testcase name="inconsistentBug" time="0.000" classname="flagsinTestNG.Flag6"/>
  <system-out>
    <![CDATA[hi]]>
  </system-out>
  <testcase name="inconsistentBug" time="0.000" classname="flagsinTestNG.Flag6"/>
  <system-out>
    <![CDATA[hi]]>
  </system-out>
  <testcase name="inconsistentBug" time="0.000" classname="flagsinTestNG.Flag6"/>
  <system-out>
    <![CDATA[hi]]>
  </system-out>
  <testcase name="inconsistentBug" time="0.001" classname="flagsinTestNG.Flag6"/>
  <system-out>
    <![CDATA[hi]]>
  </system-out>
  <testcase name="inconsistentBug" time="0.000" classname="flagsinTestNG.Flag6"/>
  <system-out>
    <![CDATA[hi]]>
  </system-out>
  <testcase name="inconsistentBug" time="0.001" classname="flagsinTestNG.Flag6"/>
  <system-out>
    <![CDATA[hi]]>
  </system-out>
  <testcase name="inconsistentBug" time="0.000" classname="flagsinTestNG.Flag6"/>
  <system-out>
    <![CDATA[hi]]>
  </system-out>
  <testcase name="inconsistentBug" time="0.002" classname="flagsinTestNG.Flag6"/>
  <system-out>
    <![CDATA[hi]]>
  </system-out>
  <testcase name="inconsistentBug" time="0.004" classname="flagsinTestNG.Flag6"/>
  <system-out>
    <![CDATA[hi]]>
  </system-out>
  <testcase name="inconsistentBug" time="0.000" classname="flagsinTestNG.Flag6"/>
  <system-out>
    <![CDATA[hi]]>
  </system-out>
  <testcase name="inconsistentBug" time="0.000" classname="flagsinTestNG.Flag6"/>
  <system-out>
    <![CDATA[hi]]>
  </system-out>
  <testcase name="inconsistentBug" time="0.001" classname="flagsinTestNG.Flag6"/>
  <system-out>
    <![CDATA[hi]]>
  </system-out>
  <testcase name="inconsistentBug" time="0.002" classname="flagsinTestNG.Flag6"/>
  <system-out>
    <![CDATA[hi]]>
  </system-out>
  <testcase name="inconsistentBug" time="0.000" classname="flagsinTestNG.Flag6"/>
  <system-out>
    <![CDATA[hi]]>
  </system-out>
  <testcase name="inconsistentBug" time="0.003" classname="flagsinTestNG.Flag6"/>
  <system-out>
    <![CDATA[hi]]>
  </system-out>
  <testcase name="inconsistentBug" time="0.000" classname="flagsinTestNG.Flag6"/>
  <system-out>
    <![CDATA[hi]]>
  </system-out>
  <testcase name="inconsistentBug" time="0.001" classname="flagsinTestNG.Flag6"/>
  <system-out>
    <![CDATA[hi]]>
  </system-out>
  <testcase name="inconsistentBug" time="0.000" classname="flagsinTestNG.Flag6"/>
  <system-out>
    <![CDATA[hi]]>
  </system-out>
  <testcase name="inconsistentBug" time="0.001" classname="flagsinTestNG.Flag6"/>
  <system-out>
    <![CDATA[hi]]>
  </system-out>
  <testcase name="inconsistentBug" time="0.000" classname="flagsinTestNG.Flag6"/>
  <system-out>
    <![CDATA[hi]]>
  </system-out>
  <testcase name="inconsistentBug" time="0.000" classname="flagsinTestNG.Flag6"/>
  <system-out>
    <![CDATA[hi]]>
  </system-out>
  <testcase name="inconsistentBug" time="0.000" classname="flagsinTestNG.Flag6"/>
  <system-out>
    <![CDATA[hi]]>
  </system-out>
  <testcase name="inconsistentBug" time="0.001" classname="flagsinTestNG.Flag6"/>
  <system-out>
    <![CDATA[hi]]>
  </system-out>
  <testcase name="inconsistentBug" time="0.002" classname="flagsinTestNG.Flag6"/>
  <system-out>
    <![CDATA[hi]]>
  </system-out>
  <testcase name="inconsistentBug" time="0.000" classname="flagsinTestNG.Flag6"/>
  <system-out>
    <![CDATA[hi]]>
  </system-out>
  <testcase name="inconsistentBug" time="0.003" classname="flagsinTestNG.Flag6"/>
  <system-out>
    <![CDATA[hi]]>
  </system-out>
  <testcase name="inconsistentBug" time="0.000" classname="flagsinTestNG.Flag6"/>
  <system-out>
    <![CDATA[hi]]>
  </system-out>
  <testcase name="inconsistentBug" time="0.000" classname="flagsinTestNG.Flag6"/>
  <system-out>
    <![CDATA[hi]]>
  </system-out>
  <testcase name="inconsistentBug" time="0.001" classname="flagsinTestNG.Flag6"/>
  <system-out>
    <![CDATA[hi]]>
  </system-out>
  <testcase name="inconsistentBug" time="0.000" classname="flagsinTestNG.Flag6"/>
  <system-out>
    <![CDATA[hi]]>
  </system-out>
  <testcase name="inconsistentBug" time="0.001" classname="flagsinTestNG.Flag6"/>
  <system-out>
    <![CDATA[hi]]>
  </system-out>
  <testcase name="inconsistentBug" time="0.000" classname="flagsinTestNG.Flag6"/>
  <system-out>
    <![CDATA[hi]]>
  </system-out>
  <testcase name="inconsistentBug" time="0.000" classname="flagsinTestNG.Flag6"/>
  <system-out>
    <![CDATA[hi]]>
  </system-out>
  <testcase name="inconsistentBug" time="0.001" classname="flagsinTestNG.Flag6"/>
  <system-out>
    <![CDATA[hi]]>
  </system-out>
  <testcase name="inconsistentBug" time="0.000" classname="flagsinTestNG.Flag6"/>
  <system-out>
    <![CDATA[hi]]>
  </system-out>
  <testcase name="inconsistentBug" time="0.001" classname="flagsinTestNG.Flag6"/>
  <system-out>
    <![CDATA[hi]]>
  </system-out>
  <testcase name="inconsistentBug" time="0.001" classname="flagsinTestNG.Flag6"/>
  <system-out>
    <![CDATA[hi]]>
  </system-out>
  <testcase name="inconsistentBug" time="0.000" classname="flagsinTestNG.Flag6"/>
  <system-out>
    <![CDATA[hi]]>
  </system-out>
  <testcase name="inconsistentBug" time="0.000" classname="flagsinTestNG.Flag6"/>
  <system-out>
    <![CDATA[hi]]>
  </system-out>
  <testcase name="inconsistentBug" time="0.001" classname="flagsinTestNG.Flag6"/>
  <system-out>
    <![CDATA[hi]]>
  </system-out>
  <testcase name="inconsistentBug" time="0.000" classname="flagsinTestNG.Flag6"/>
  <system-out>
    <![CDATA[hi]]>
  </system-out>
  <testcase name="inconsistentBug" time="0.000" classname="flagsinTestNG.Flag6"/>
  <system-out>
    <![CDATA[hi]]>
  </system-out>
  <testcase name="inconsistentBug" time="0.001" classname="flagsinTestNG.Flag6"/>
  <system-out>
    <![CDATA[hi]]>
  </system-out>
  <testcase name="inconsistentBug" time="0.000" classname="flagsinTestNG.Flag6"/>
  <system-out>
    <![CDATA[hi]]>
  </system-out>
  <testcase name="inconsistentBug" time="0.000" classname="flagsinTestNG.Flag6"/>
  <system-out>
    <![CDATA[hi]]>
  </system-out>
  <testcase name="inconsistentBug" time="0.001" classname="flagsinTestNG.Flag6"/>
  <system-out>
    <![CDATA[hi]]>
  </system-out>
  <testcase name="inconsistentBug" time="0.001" classname="flagsinTestNG.Flag6"/>
  <system-out>
    <![CDATA[hi]]>
  </system-out>
  <testcase name="inconsistentBug" time="0.000" classname="flagsinTestNG.Flag6"/>
  <system-out>
    <![CDATA[hi]]>
  </system-out>
  <testcase name="inconsistentBug" time="0.000" classname="flagsinTestNG.Flag6"/>
  <system-out>
    <![CDATA[hi]]>
  </system-out>
  <testcase name="inconsistentBug" time="0.001" classname="flagsinTestNG.Flag6"/>
  <system-out>
    <![CDATA[hi]]>
  </system-out>
  <testcase name="inconsistentBug" time="0.001" classname="flagsinTestNG.Flag6"/>
  <system-out>
    <![CDATA[hi]]>
  </system-out>
  <testcase name="inconsistentBug" time="0.001" classname="flagsinTestNG.Flag6"/>
  <system-out>
    <![CDATA[hi]]>
  </system-out>
  <testcase name="inconsistentBug" time="0.001" classname="flagsinTestNG.Flag6"/>
  <system-out>
    <![CDATA[hi]]>
  </system-out>
  <testcase name="inconsistentBug" time="0.001" classname="flagsinTestNG.Flag6"/>
  <system-out>
    <![CDATA[hi]]>
  </system-out>
  <testcase name="inconsistentBug" time="0.000" classname="flagsinTestNG.Flag6"/>
  <system-out>
    <![CDATA[hi]]>
  </system-out>
  <testcase name="inconsistentBug" time="0.000" classname="flagsinTestNG.Flag6"/>
  <system-out>
    <![CDATA[hi]]>
  </system-out>
  <testcase name="inconsistentBug" time="0.002" classname="flagsinTestNG.Flag6"/>
  <system-out>
    <![CDATA[hi]]>
  </system-out>
  <testcase name="inconsistentBug" time="0.000" classname="flagsinTestNG.Flag6"/>
  <system-out>
    <![CDATA[hi]]>
  </system-out>
  <testcase name="inconsistentBug" time="0.001" classname="flagsinTestNG.Flag6"/>
  <system-out>
    <![CDATA[hi]]>
  </system-out>
  <testcase name="inconsistentBug" time="0.001" classname="flagsinTestNG.Flag6"/>
  <system-out>
    <![CDATA[hi]]>
  </system-out>
  <testcase name="inconsistentBug" time="0.000" classname="flagsinTestNG.Flag6"/>
  <system-out>
    <![CDATA[hi]]>
  </system-out>
  <testcase name="inconsistentBug" time="0.001" classname="flagsinTestNG.Flag6"/>
  <system-out>
    <![CDATA[hi]]>
  </system-out>
  <testcase name="inconsistentBug" time="0.001" classname="flagsinTestNG.Flag6"/>
  <system-out>
    <![CDATA[hi]]>
  </system-out>
  <testcase name="inconsistentBug" time="0.000" classname="flagsinTestNG.Flag6"/>
  <system-out>
    <![CDATA[hi]]>
  </system-out>
  <testcase name="inconsistentBug" time="0.001" classname="flagsinTestNG.Flag6"/>
  <system-out>
    <![CDATA[hi]]>
  </system-out>
  <testcase name="inconsistentBug" time="0.001" classname="flagsinTestNG.Flag6"/>
  <system-out>
    <![CDATA[hi]]>
  </system-out>
  <testcase name="inconsistentBug" time="0.001" classname="flagsinTestNG.Flag6"/>
  <system-out>
    <![CDATA[hi]]>
  </system-out>
  <testcase name="inconsistentBug" time="0.001" classname="flagsinTestNG.Flag6"/>
  <system-out>
    <![CDATA[hi]]>
  </system-out>
  <testcase name="inconsistentBug" time="0.001" classname="flagsinTestNG.Flag6"/>
  <system-out>
    <![CDATA[hi]]>
  </system-out>
  <testcase name="inconsistentBug" time="0.002" classname="flagsinTestNG.Flag6"/>
  <system-out>
    <![CDATA[hi]]>
  </system-out>
  <testcase name="inconsistentBug" time="0.001" classname="flagsinTestNG.Flag6"/>
  <system-out>
    <![CDATA[hi]]>
  </system-out>
  <testcase name="inconsistentBug" time="0.001" classname="flagsinTestNG.Flag6"/>
  <system-out>
    <![CDATA[hi]]>
  </system-out>
  <testcase name="inconsistentBug" time="0.000" classname="flagsinTestNG.Flag6"/>
  <system-out>
    <![CDATA[hi]]>
  </system-out>
  <testcase name="inconsistentBug" time="0.003" classname="flagsinTestNG.Flag6"/>
  <system-out>
    <![CDATA[hi]]>
  </system-out>
  <testcase name="inconsistentBug" time="0.000" classname="flagsinTestNG.Flag6"/>
  <system-out>
    <![CDATA[hi]]>
  </system-out>
  <testcase name="inconsistentBug" time="0.000" classname="flagsinTestNG.Flag6"/>
  <system-out>
    <![CDATA[hi]]>
  </system-out>
  <testcase name="inconsistentBug" time="0.000" classname="flagsinTestNG.Flag6"/>
  <system-out>
    <![CDATA[hi]]>
  </system-out>
  <testcase name="inconsistentBug" time="0.000" classname="flagsinTestNG.Flag6"/>
  <system-out>
    <![CDATA[hi]]>
  </system-out>
  <testcase name="inconsistentBug" time="0.001" classname="flagsinTestNG.Flag6"/>
  <system-out>
    <![CDATA[hi]]>
  </system-out>
  <testcase name="inconsistentBug" time="0.001" classname="flagsinTestNG.Flag6"/>
  <system-out>
    <![CDATA[hi]]>
  </system-out>
  <testcase name="inconsistentBug" time="0.001" classname="flagsinTestNG.Flag6"/>
  <system-out>
    <![CDATA[hi]]>
  </system-out>
  <testcase name="inconsistentBug" time="0.000" classname="flagsinTestNG.Flag6"/>
  <system-out>
    <![CDATA[hi]]>
  </system-out>
  <testcase name="inconsistentBug" time="0.000" classname="flagsinTestNG.Flag6"/>
  <system-out>
    <![CDATA[hi]]>
  </system-out>
  <testcase name="inconsistentBug" time="0.000" classname="flagsinTestNG.Flag6"/>
  <system-out>
    <![CDATA[hi]]>
  </system-out>
  <testcase name="inconsistentBug" time="0.000" classname="flagsinTestNG.Flag6"/>
  <system-out>
    <![CDATA[hi]]>
  </system-out>
  <testcase name="inconsistentBug" time="0.001" classname="flagsinTestNG.Flag6"/>
  <system-out>
    <![CDATA[hi]]>
  </system-out>
  <testcase name="inconsistentBug" time="0.000" classname="flagsinTestNG.Flag6"/>
  <system-out>
    <![CDATA[hi]]>
  </system-out>
  <testcase name="inconsistentBug" time="0.001" classname="flagsinTestNG.Flag6"/>
  <system-out>
    <![CDATA[hi]]>
  </system-out>
  <testcase name="inconsistentBug" time="0.002" classname="flagsinTestNG.Flag6"/>
  <system-out>
    <![CDATA[hi]]>
  </system-out>
  <testcase name="inconsistentBug" time="0.004" classname="flagsinTestNG.Flag6"/>
  <system-out>
    <![CDATA[hi]]>
  </system-out>
  <testcase name="inconsistentBug" time="0.001" classname="flagsinTestNG.Flag6"/>
  <system-out>
    <![CDATA[hi]]>
  </system-out>
  <testcase name="inconsistentBug" time="0.000" classname="flagsinTestNG.Flag6"/>
  <system-out>
    <![CDATA[hi]]>
  </system-out>
  <testcase name="inconsistentBug" time="0.000" classname="flagsinTestNG.Flag6"/>
  <system-out>
    <![CDATA[hi]]>
  </system-out>
  <testcase name="inconsistentBug" time="0.001" classname="flagsinTestNG.Flag6"/>
  <system-out>
    <![CDATA[hi]]>
  </system-out>
  <testcase name="inconsistentBug" time="0.000" classname="flagsinTestNG.Flag6"/>
  <system-out>
    <![CDATA[hi]]>
  </system-out>
  <testcase name="inconsistentBug" time="0.001" classname="flagsinTestNG.Flag6"/>
  <system-out>
    <![CDATA[hi]]>
  </system-out>
  <testcase name="inconsistentBug" time="0.000" classname="flagsinTestNG.Flag6"/>
  <system-out>
    <![CDATA[hi]]>
  </system-out>
  <testcase name="inconsistentBug" time="0.000" classname="flagsinTestNG.Flag6"/>
  <system-out>
    <![CDATA[hi]]>
  </system-out>
  <testcase name="inconsistentBug" time="0.000" classname="flagsinTestNG.Flag6"/>
  <system-out>
    <![CDATA[hi]]>
  </system-out>
  <testcase name="inconsistentBug" time="0.001" classname="flagsinTestNG.Flag6"/>
  <system-out>
    <![CDATA[hi]]>
  </system-out>
  <testcase name="inconsistentBug" time="0.000" classname="flagsinTestNG.Flag6"/>
  <system-out>
    <![CDATA[hi]]>
  </system-out>
  <testcase name="inconsistentBug" time="0.001" classname="flagsinTestNG.Flag6"/>
  <system-out>
    <![CDATA[hi]]>
  </system-out>
  <testcase name="inconsistentBug" time="0.001" classname="flagsinTestNG.Flag6"/>
  <system-out>
    <![CDATA[hi]]>
  </system-out>
  <testcase name="inconsistentBug" time="0.001" classname="flagsinTestNG.Flag6"/>
  <system-out>
    <![CDATA[hi]]>
  </system-out>
  <testcase name="inconsistentBug" time="0.000" classname="flagsinTestNG.Flag6"/>
  <system-out>
    <![CDATA[hi]]>
  </system-out>
  <testcase name="inconsistentBug" time="0.001" classname="flagsinTestNG.Flag6"/>
  <system-out>
    <![CDATA[hi]]>
  </system-out>
  <testcase name="inconsistentBug" time="0.000" classname="flagsinTestNG.Flag6"/>
  <system-out>
    <![CDATA[hi]]>
  </system-out>
  <testcase name="inconsistentBug" time="0.002" classname="flagsinTestNG.Flag6"/>
  <system-out>
    <![CDATA[hi]]>
  </system-out>
  <testcase name="inconsistentBug" time="0.001" classname="flagsinTestNG.Flag6"/>
  <system-out>
    <![CDATA[hi]]>
  </system-out>
  <testcase name="inconsistentBug" time="0.001" classname="flagsinTestNG.Flag6"/>
  <system-out>
    <![CDATA[hi]]>
  </system-out>
  <testcase name="inconsistentBug" time="0.000" classname="flagsinTestNG.Flag6"/>
  <system-out>
    <![CDATA[hi]]>
  </system-out>
  <testcase name="inconsistentBug" time="0.001" classname="flagsinTestNG.Flag6"/>
  <system-out>
    <![CDATA[hi]]>
  </system-out>
  <testcase name="inconsistentBug" time="0.000" classname="flagsinTestNG.Flag6"/>
  <system-out>
    <![CDATA[hi]]>
  </system-out>
  <testcase name="inconsistentBug" time="0.006" classname="flagsinTestNG.Flag6"/>
  <system-out>
    <![CDATA[hi]]>
  </system-out>
  <testcase name="inconsistentBug" time="0.002" classname="flagsinTestNG.Flag6"/>
  <system-out>
    <![CDATA[hi]]>
  </system-out>
  <testcase name="inconsistentBug" time="0.000" classname="flagsinTestNG.Flag6"/>
  <system-out>
    <![CDATA[hi]]>
  </system-out>
  <testcase name="inconsistentBug" time="0.001" classname="flagsinTestNG.Flag6"/>
  <system-out>
    <![CDATA[hi]]>
  </system-out>
  <testcase name="inconsistentBug" time="0.000" classname="flagsinTestNG.Flag6"/>
  <system-out>
    <![CDATA[hi]]>
  </system-out>
  <testcase name="inconsistentBug" time="0.001" classname="flagsinTestNG.Flag6"/>
  <system-out>
    <![CDATA[hi]]>
  </system-out>
  <testcase name="inconsistentBug" time="0.001" classname="flagsinTestNG.Flag6"/>
  <system-out>
    <![CDATA[hi]]>
  </system-out>
  <testcase name="inconsistentBug" time="0.000" classname="flagsinTestNG.Flag6"/>
  <system-out>
    <![CDATA[hi]]>
  </system-out>
  <testcase name="inconsistentBug" time="0.000" classname="flagsinTestNG.Flag6"/>
  <system-out>
    <![CDATA[hi]]>
  </system-out>
  <testcase name="inconsistentBug" time="0.000" classname="flagsinTestNG.Flag6"/>
  <system-out>
    <![CDATA[hi]]>
  </system-out>
  <testcase name="inconsistentBug" time="0.001" classname="flagsinTestNG.Flag6"/>
  <system-out>
    <![CDATA[hi]]>
  </system-out>
  <testcase name="inconsistentBug" time="0.001" classname="flagsinTestNG.Flag6"/>
  <system-out>
    <![CDATA[hi]]>
  </system-out>
  <testcase name="inconsistentBug" time="0.000" classname="flagsinTestNG.Flag6"/>
  <system-out>
    <![CDATA[hi]]>
  </system-out>
  <testcase name="inconsistentBug" time="0.000" classname="flagsinTestNG.Flag6"/>
  <system-out>
    <![CDATA[hi]]>
  </system-out>
  <testcase name="inconsistentBug" time="0.001" classname="flagsinTestNG.Flag6"/>
  <system-out>
    <![CDATA[hi]]>
  </system-out>
  <testcase name="inconsistentBug" time="0.004" classname="flagsinTestNG.Flag6"/>
  <system-out>
    <![CDATA[hi]]>
  </system-out>
  <testcase name="inconsistentBug" time="0.000" classname="flagsinTestNG.Flag6"/>
  <system-out>
    <![CDATA[hi]]>
  </system-out>
  <testcase name="inconsistentBug" time="0.003" classname="flagsinTestNG.Flag6"/>
  <system-out>
    <![CDATA[hi]]>
  </system-out>
  <testcase name="inconsistentBug" time="0.001" classname="flagsinTestNG.Flag6"/>
  <system-out>
    <![CDATA[hi]]>
  </system-out>
  <testcase name="inconsistentBug" time="0.002" classname="flagsinTestNG.Flag6"/>
  <system-out>
    <![CDATA[hi]]>
  </system-out>
  <testcase name="inconsistentBug" time="0.001" classname="flagsinTestNG.Flag6"/>
  <system-out>
    <![CDATA[hi]]>
  </system-out>
  <testcase name="inconsistentBug" time="0.001" classname="flagsinTestNG.Flag6"/>
  <system-out>
    <![CDATA[hi]]>
  </system-out>
  <testcase name="inconsistentBug" time="0.001" classname="flagsinTestNG.Flag6"/>
  <system-out>
    <![CDATA[hi]]>
  </system-out>
  <testcase name="inconsistentBug" time="0.000" classname="flagsinTestNG.Flag6"/>
  <system-out>
    <![CDATA[hi]]>
  </system-out>
  <testcase name="inconsistentBug" time="0.000" classname="flagsinTestNG.Flag6"/>
  <system-out>
    <![CDATA[hi]]>
  </system-out>
  <testcase name="inconsistentBug" time="0.000" classname="flagsinTestNG.Flag6"/>
  <system-out>
    <![CDATA[hi]]>
  </system-out>
  <testcase name="inconsistentBug" time="0.000" classname="flagsinTestNG.Flag6"/>
  <system-out>
    <![CDATA[hi]]>
  </system-out>
  <testcase name="inconsistentBug" time="0.000" classname="flagsinTestNG.Flag6"/>
  <system-out>
    <![CDATA[hi]]>
  </system-out>
  <testcase name="inconsistentBug" time="0.001" classname="flagsinTestNG.Flag6"/>
  <system-out>
    <![CDATA[hi]]>
  </system-out>
  <testcase name="inconsistentBug" time="0.000" classname="flagsinTestNG.Flag6"/>
  <system-out>
    <![CDATA[hi]]>
  </system-out>
  <testcase name="inconsistentBug" time="0.000" classname="flagsinTestNG.Flag6"/>
  <system-out>
    <![CDATA[hi]]>
  </system-out>
  <testcase name="inconsistentBug" time="0.002" classname="flagsinTestNG.Flag6"/>
  <system-out>
    <![CDATA[hi]]>
  </system-out>
  <testcase name="inconsistentBug" time="0.001" classname="flagsinTestNG.Flag6"/>
  <system-out>
    <![CDATA[hi]]>
  </system-out>
  <testcase name="inconsistentBug" time="0.000" classname="flagsinTestNG.Flag6"/>
  <system-out>
    <![CDATA[hi]]>
  </system-out>
  <testcase name="inconsistentBug" time="0.000" classname="flagsinTestNG.Flag6"/>
  <system-out>
    <![CDATA[hi]]>
  </system-out>
  <testcase name="inconsistentBug" time="0.000" classname="flagsinTestNG.Flag6"/>
  <system-out>
    <![CDATA[hi]]>
  </system-out>
  <testcase name="inconsistentBug" time="0.000" classname="flagsinTestNG.Flag6"/>
  <system-out>
    <![CDATA[hi]]>
  </system-out>
  <testcase name="inconsistentBug" time="0.001" classname="flagsinTestNG.Flag6"/>
  <system-out>
    <![CDATA[hi]]>
  </system-out>
  <testcase name="inconsistentBug" time="0.000" classname="flagsinTestNG.Flag6"/>
  <system-out>
    <![CDATA[hi]]>
  </system-out>
  <testcase name="inconsistentBug" time="0.001" classname="flagsinTestNG.Flag6"/>
  <system-out>
    <![CDATA[hi]]>
  </system-out>
  <testcase name="inconsistentBug" time="0.000" classname="flagsinTestNG.Flag6"/>
  <system-out>
    <![CDATA[hi]]>
  </system-out>
  <testcase name="inconsistentBug" time="0.001" classname="flagsinTestNG.Flag6"/>
  <system-out>
    <![CDATA[hi]]>
  </system-out>
  <testcase name="inconsistentBug" time="0.000" classname="flagsinTestNG.Flag6"/>
  <system-out>
    <![CDATA[hi]]>
  </system-out>
  <testcase name="inconsistentBug" time="0.000" classname="flagsinTestNG.Flag6"/>
  <system-out>
    <![CDATA[hi]]>
  </system-out>
  <testcase name="inconsistentBug" time="0.001" classname="flagsinTestNG.Flag6"/>
  <system-out>
    <![CDATA[hi]]>
  </system-out>
  <testcase name="inconsistentBug" time="0.000" classname="flagsinTestNG.Flag6"/>
  <system-out>
    <![CDATA[hi]]>
  </system-out>
  <testcase name="inconsistentBug" time="0.001" classname="flagsinTestNG.Flag6"/>
  <system-out>
    <![CDATA[hi]]>
  </system-out>
  <testcase name="inconsistentBug" time="0.000" classname="flagsinTestNG.Flag6"/>
  <system-out>
    <![CDATA[hi]]>
  </system-out>
  <testcase name="inconsistentBug" time="0.000" classname="flagsinTestNG.Flag6"/>
  <system-out>
    <![CDATA[hi]]>
  </system-out>
  <testcase name="inconsistentBug" time="0.000" classname="flagsinTestNG.Flag6"/>
  <system-out>
    <![CDATA[hi]]>
  </system-out>
  <testcase name="inconsistentBug" time="0.001" classname="flagsinTestNG.Flag6"/>
  <system-out>
    <![CDATA[hi]]>
  </system-out>
  <testcase name="inconsistentBug" time="0.000" classname="flagsinTestNG.Flag6"/>
  <system-out>
    <![CDATA[hi]]>
  </system-out>
  <testcase name="inconsistentBug" time="0.001" classname="flagsinTestNG.Flag6"/>
  <system-out>
    <![CDATA[hi]]>
  </system-out>
  <testcase name="inconsistentBug" time="0.000" classname="flagsinTestNG.Flag6"/>
  <system-out>
    <![CDATA[hi]]>
  </system-out>
  <testcase name="inconsistentBug" time="0.000" classname="flagsinTestNG.Flag6"/>
  <system-out>
    <![CDATA[hi]]>
  </system-out>
  <testcase name="inconsistentBug" time="0.003" classname="flagsinTestNG.Flag6"/>
  <system-out>
    <![CDATA[hi]]>
  </system-out>
  <testcase name="inconsistentBug" time="0.000" classname="flagsinTestNG.Flag6"/>
  <system-out>
    <![CDATA[hi]]>
  </system-out>
  <testcase name="inconsistentBug" time="0.001" classname="flagsinTestNG.Flag6"/>
  <system-out>
    <![CDATA[hi]]>
  </system-out>
  <testcase name="inconsistentBug" time="0.001" classname="flagsinTestNG.Flag6"/>
  <system-out>
    <![CDATA[hi]]>
  </system-out>
  <testcase name="inconsistentBug" time="0.001" classname="flagsinTestNG.Flag6"/>
  <system-out>
    <![CDATA[hi]]>
  </system-out>
  <testcase name="inconsistentBug" time="0.000" classname="flagsinTestNG.Flag6"/>
  <system-out>
    <![CDATA[hi]]>
  </system-out>
  <testcase name="inconsistentBug" time="0.001" classname="flagsinTestNG.Flag6"/>
  <system-out>
    <![CDATA[hi]]>
  </system-out>
  <testcase name="inconsistentBug" time="0.000" classname="flagsinTestNG.Flag6"/>
  <system-out>
    <![CDATA[hi]]>
  </system-out>
  <testcase name="inconsistentBug" time="0.000" classname="flagsinTestNG.Flag6"/>
  <system-out>
    <![CDATA[hi]]>
  </system-out>
  <testcase name="inconsistentBug" time="0.000" classname="flagsinTestNG.Flag6"/>
  <system-out>
    <![CDATA[hi]]>
  </system-out>
  <testcase name="inconsistentBug" time="0.002" classname="flagsinTestNG.Flag6"/>
  <system-out>
    <![CDATA[hi]]>
  </system-out>
  <testcase name="inconsistentBug" time="0.000" classname="flagsinTestNG.Flag6"/>
  <system-out>
    <![CDATA[hi]]>
  </system-out>
  <testcase name="inconsistentBug" time="0.000" classname="flagsinTestNG.Flag6"/>
  <system-out>
    <![CDATA[hi]]>
  </system-out>
  <testcase name="inconsistentBug" time="0.000" classname="flagsinTestNG.Flag6"/>
  <system-out>
    <![CDATA[hi]]>
  </system-out>
  <testcase name="inconsistentBug" time="0.001" classname="flagsinTestNG.Flag6"/>
  <system-out>
    <![CDATA[hi]]>
  </system-out>
  <testcase name="inconsistentBug" time="0.000" classname="flagsinTestNG.Flag6"/>
  <system-out>
    <![CDATA[hi]]>
  </system-out>
  <testcase name="inconsistentBug" time="0.001" classname="flagsinTestNG.Flag6"/>
  <system-out>
    <![CDATA[hi]]>
  </system-out>
  <testcase name="inconsistentBug" time="0.000" classname="flagsinTestNG.Flag6"/>
  <system-out>
    <![CDATA[hi]]>
  </system-out>
  <testcase name="inconsistentBug" time="0.001" classname="flagsinTestNG.Flag6"/>
  <system-out>
    <![CDATA[hi]]>
  </system-out>
  <testcase name="inconsistentBug" time="0.000" classname="flagsinTestNG.Flag6"/>
  <system-out>
    <![CDATA[hi]]>
  </system-out>
  <testcase name="inconsistentBug" time="0.001" classname="flagsinTestNG.Flag6"/>
  <system-out>
    <![CDATA[hi]]>
  </system-out>
  <testcase name="inconsistentBug" time="0.001" classname="flagsinTestNG.Flag6"/>
  <system-out>
    <![CDATA[hi]]>
  </system-out>
  <testcase name="inconsistentBug" time="0.000" classname="flagsinTestNG.Flag6"/>
  <system-out>
    <![CDATA[hi]]>
  </system-out>
  <testcase name="inconsistentBug" time="0.001" classname="flagsinTestNG.Flag6"/>
  <system-out>
    <![CDATA[hi]]>
  </system-out>
  <testcase name="inconsistentBug" time="0.002" classname="flagsinTestNG.Flag6"/>
  <system-out>
    <![CDATA[hi]]>
  </system-out>
  <testcase name="inconsistentBug" time="0.000" classname="flagsinTestNG.Flag6"/>
  <system-out>
    <![CDATA[hi]]>
  </system-out>
  <testcase name="inconsistentBug" time="0.000" classname="flagsinTestNG.Flag6"/>
  <system-out>
    <![CDATA[hi]]>
  </system-out>
  <testcase name="inconsistentBug" time="0.001" classname="flagsinTestNG.Flag6"/>
  <system-out>
    <![CDATA[hi]]>
  </system-out>
  <testcase name="inconsistentBug" time="0.001" classname="flagsinTestNG.Flag6"/>
  <system-out>
    <![CDATA[hi]]>
  </system-out>
  <testcase name="inconsistentBug" time="0.001" classname="flagsinTestNG.Flag6"/>
  <system-out>
    <![CDATA[hi]]>
  </system-out>
  <testcase name="inconsistentBug" time="0.000" classname="flagsinTestNG.Flag6"/>
  <system-out>
    <![CDATA[hi]]>
  </system-out>
  <testcase name="inconsistentBug" time="0.001" classname="flagsinTestNG.Flag6"/>
  <system-out>
    <![CDATA[hi]]>
  </system-out>
  <testcase name="inconsistentBug" time="0.001" classname="flagsinTestNG.Flag6"/>
  <system-out>
    <![CDATA[hi]]>
  </system-out>
  <testcase name="inconsistentBug" time="0.000" classname="flagsinTestNG.Flag6"/>
  <system-out>
    <![CDATA[hi]]>
  </system-out>
  <testcase name="inconsistentBug" time="0.001" classname="flagsinTestNG.Flag6"/>
  <system-out>
    <![CDATA[hi]]>
  </system-out>
[...]
  </system-out>
  <testcase name="inconsistentBug" time="0.001" classname="flagsinTestNG.Flag6"/>
  <system-out>
    <![CDATA[hi]]>
  </system-out>
  <testcase name="inconsistentBug" time="0.001" classname="flagsinTestNG.Flag6"/>
  <system-out>
    <![CDATA[hi]]>
  </system-out>
  <testcase name="inconsistentBug" time="0.001" classname="flagsinTestNG.Flag6"/>
  <system-out>
    <![CDATA[hi]]>
  </system-out>
  <testcase name="inconsistentBug" time="0.000" classname="flagsinTestNG.Flag6"/>
  <system-out>
    <![CDATA[hi]]>
  </system-out>
  <testcase name="inconsistentBug" time="0.002" classname="flagsinTestNG.Flag6"/>
  <system-out>
    <![CDATA[hi]]>
  </system-out>
  <testcase name="inconsistentBug" time="0.000" classname="flagsinTestNG.Flag6"/>
  <system-out>
    <![CDATA[hi]]>
  </system-out>
  <testcase name="inconsistentBug" time="0.001" classname="flagsinTestNG.Flag6"/>
  <system-out>
    <![CDATA[hi]]>
  </system-out>
  <testcase name="inconsistentBug" time="0.001" classname="flagsinTestNG.Flag6"/>
  <system-out>
    <![CDATA[hi]]>
  </system-out>
  <testcase name="inconsistentBug" time="0.000" classname="flagsinTestNG.Flag6"/>
  <system-out>
    <![CDATA[hi]]>
  </system-out>
  <testcase name="inconsistentBug" time="0.001" classname="flagsinTestNG.Flag6"/>
  <system-out>
    <![CDATA[hi]]>
  </system-out>
  <testcase name="inconsistentBug" time="0.002" classname="flagsinTestNG.Flag6"/>
  <system-out>
    <![CDATA[hi]]>
  </system-out>
  <testcase name="inconsistentBug" time="0.001" classname="flagsinTestNG.Flag6"/>
  <system-out>
    <![CDATA[hi]]>
  </system-out>
  <testcase name="inconsistentBug" time="0.002" classname="flagsinTestNG.Flag6"/>
  <system-out>
    <![CDATA[hi]]>
  </system-out>
  <testcase name="inconsistentBug" time="0.002" classname="flagsinTestNG.Flag6"/>
  <system-out>
    <![CDATA[hi]]>
  </system-out>
  <testcase name="inconsistentBug" time="0.001" classname="flagsinTestNG.Flag6"/>
  <system-out>
    <![CDATA[hi]]>
  </system-out>
  <testcase name="inconsistentBug" time="0.001" classname="flagsinTestNG.Flag6"/>
  <system-out>
    <![CDATA[hi]]>
  </system-out>
  <testcase name="inconsistentBug" time="0.000" classname="flagsinTestNG.Flag6"/>
  <system-out>
    <![CDATA[hi]]>
  </system-out>
  <testcase name="inconsistentBug" time="0.001" classname="flagsinTestNG.Flag6"/>
  <system-out>
    <![CDATA[hi]]>
  </system-out>
  <testcase name="inconsistentBug" time="0.000" classname="flagsinTestNG.Flag6"/>
  <system-out>
    <![CDATA[hi]]>
  </system-out>
  <testcase name="inconsistentBug" time="0.001" classname="flagsinTestNG.Flag6"/>
  <system-out>
    <![CDATA[hi]]>
  </system-out>
  <testcase name="inconsistentBug" time="0.000" classname="flagsinTestNG.Flag6"/>
  <system-out>
    <![CDATA[hi]]>
  </system-out>
  <testcase name="inconsistentBug" time="0.001" classname="flagsinTestNG.Flag6"/>
  <system-out>
    <![CDATA[hi]]>
  </system-out>
  <testcase name="inconsistentBug" time="0.000" classname="flagsinTestNG.Flag6"/>
  <system-out>
    <![CDATA[hi]]>
  </system-out>
  <testcase name="inconsistentBug" time="0.000" classname="flagsinTestNG.Flag6"/>
  <system-out>
    <![CDATA[hi]]>
  </system-out>
  <testcase name="inconsistentBug" time="0.001" classname="flagsinTestNG.Flag6"/>
  <system-out>
    <![CDATA[hi]]>
  </system-out>
  <testcase name="inconsistentBug" time="0.000" classname="flagsinTestNG.Flag6"/>
  <system-out>
    <![CDATA[hi]]>
  </system-out>
  <testcase name="inconsistentBug" time="0.000" classname="flagsinTestNG.Flag6"/>
  <system-out>
    <![CDATA[hi]]>
  </system-out>
  <testcase name="inconsistentBug" time="0.002" classname="flagsinTestNG.Flag6"/>
  <system-out>
    <![CDATA[hi]]>
  </system-out>
  <testcase name="inconsistentBug" time="0.001" classname="flagsinTestNG.Flag6"/>
  <system-out>
    <![CDATA[hi]]>
  </system-out>
  <testcase name="inconsistentBug" time="0.000" classname="flagsinTestNG.Flag6"/>
  <system-out>
    <![CDATA[hi]]>
  </system-out>
  <testcase name="inconsistentBug" time="0.001" classname="flagsinTestNG.Flag6"/>
  <system-out>
    <![CDATA[hi]]>
  </system-out>
  <testcase name="inconsistentBug" time="0.000" classname="flagsinTestNG.Flag6"/>
  <system-out>
    <![CDATA[hi]]>
  </system-out>
  <testcase name="inconsistentBug" time="0.000" classname="flagsinTestNG.Flag6"/>
  <system-out>
    <![CDATA[hi]]>
  </system-out>
  <testcase name="inconsistentBug" time="0.000" classname="flagsinTestNG.Flag6"/>
  <system-out>
    <![CDATA[hi]]>
  </system-out>
  <testcase name="inconsistentBug" time="0.001" classname="flagsinTestNG.Flag6"/>
  <system-out>
    <![CDATA[hi]]>
  </system-out>
  <testcase name="inconsistentBug" time="0.001" classname="flagsinTestNG.Flag6"/>
  <system-out>
    <![CDATA[hi]]>
  </system-out>
  <testcase name="inconsistentBug" time="0.000" classname="flagsinTestNG.Flag6"/>
  <system-out>
    <![CDATA[hi]]>
  </system-out>
  <testcase name="inconsistentBug" time="0.000" classname="flagsinTestNG.Flag6"/>
  <system-out>
    <![CDATA[hi]]>
  </system-out>
  <testcase name="inconsistentBug" time="0.001" classname="flagsinTestNG.Flag6"/>
  <system-out>
    <![CDATA[hi]]>
  </system-out>
  <testcase name="inconsistentBug" time="0.001" classname="flagsinTestNG.Flag6"/>
  <system-out>
    <![CDATA[hi]]>
  </system-out>
  <testcase name="inconsistentBug" time="0.001" classname="flagsinTestNG.Flag6"/>
  <system-out>
    <![CDATA[hi]]>
  </system-out>
  <testcase name="inconsistentBug" time="0.000" classname="flagsinTestNG.Flag6"/>
  <system-out>
    <![CDATA[hi]]>
  </system-out>
  <testcase name="inconsistentBug" time="0.002" classname="flagsinTestNG.Flag6"/>
  <system-out>
    <![CDATA[hi]]>
  </system-out>
  <testcase name="inconsistentBug" time="0.001" classname="flagsinTestNG.Flag6"/>
  <system-out>
    <![CDATA[hi]]>
  </system-out>
  <testcase name="inconsistentBug" time="0.000" classname="flagsinTestNG.Flag6"/>
  <system-out>
    <![CDATA[hi]]>
  </system-out>
  <testcase name="inconsistentBug" time="0.000" classname="flagsinTestNG.Flag6"/>
  <system-out>
    <![CDATA[hi]]>
  </system-out>
  <testcase name="inconsistentBug" time="0.001" classname="flagsinTestNG.Flag6"/>
  <system-out>
    <![CDATA[hi]]>
  </system-out>
  <testcase name="inconsistentBug" time="0.001" classname="flagsinTestNG.Flag6"/>
  <system-out>
    <![CDATA[hi]]>
  </system-out>
  <testcase name="inconsistentBug" time="0.000" classname="flagsinTestNG.Flag6"/>
  <system-out>
    <![CDATA[hi]]>
  </system-out>
  <testcase name="inconsistentBug" time="0.000" classname="flagsinTestNG.Flag6"/>
  <system-out>
    <![CDATA[hi]]>
  </system-out>
  <testcase name="inconsistentBug" time="0.000" classname="flagsinTestNG.Flag6"/>
  <system-out>
    <![CDATA[hi]]>
  </system-out>
  <testcase name="inconsistentBug" time="0.001" classname="flagsinTestNG.Flag6"/>
  <system-out>
    <![CDATA[hi]]>
  </system-out>
  <testcase name="inconsistentBug" time="0.000" classname="flagsinTestNG.Flag6"/>
  <system-out>
    <![CDATA[hi]]>
  </system-out>
  <testcase name="inconsistentBug" time="0.000" classname="flagsinTestNG.Flag6"/>
  <system-out>
    <![CDATA[hi]]>
  </system-out>
  <testcase name="inconsistentBug" time="0.001" classname="flagsinTestNG.Flag6"/>
  <system-out>
    <![CDATA[hi]]>
  </system-out>
  <testcase name="inconsistentBug" time="0.001" classname="flagsinTestNG.Flag6"/>
  <system-out>
    <![CDATA[hi]]>
  </system-out>
  <testcase name="inconsistentBug" time="0.001" classname="flagsinTestNG.Flag6"/>
  <system-out>
    <![CDATA[hi]]>
  </system-out>
  <testcase name="inconsistentBug" time="0.000" classname="flagsinTestNG.Flag6"/>
  <system-out>
    <![CDATA[hi]]>
  </system-out>
  <testcase name="inconsistentBug" time="0.000" classname="flagsinTestNG.Flag6"/>
  <system-out>
    <![CDATA[hi]]>
  </system-out>
  <testcase name="inconsistentBug" time="0.001" classname="flagsinTestNG.Flag6"/>
  <system-out>
    <![CDATA[hi]]>
  </system-out>
  <testcase name="inconsistentBug" time="0.000" classname="flagsinTestNG.Flag6"/>
  <system-out>
    <![CDATA[hi]]>
  </system-out>
  <testcase name="inconsistentBug" time="0.001" classname="flagsinTestNG.Flag6"/>
  <system-out>
    <![CDATA[hi]]>
  </system-out>
  <testcase name="inconsistentBug" time="0.001" classname="flagsinTestNG.Flag6"/>
  <system-out>
    <![CDATA[hi]]>
  </system-out>
  <testcase name="inconsistentBug" time="0.000" classname="flagsinTestNG.Flag6"/>
  <system-out>
    <![CDATA[hi]]>
  </system-out>
  <testcase name="inconsistentBug" time="0.000" classname="flagsinTestNG.Flag6"/>
  <system-out>
    <![CDATA[hi]]>
  </system-out>
  <testcase name="inconsistentBug" time="0.000" classname="flagsinTestNG.Flag6"/>
  <system-out>
    <![CDATA[hi]]>
  </system-out>
  <testcase name="inconsistentBug" time="0.000" classname="flagsinTestNG.Flag6"/>
  <system-out>
    <![CDATA[hi]]>
  </system-out>
  <testcase name="inconsistentBug" time="0.000" classname="flagsinTestNG.Flag6"/>
  <system-out>
    <![CDATA[hi]]>
  </system-out>
  <testcase name="inconsistentBug" time="0.000" classname="flagsinTestNG.Flag6"/>
  <system-out>
    <![CDATA[hi]]>
  </system-out>
  <testcase name="inconsistentBug" time="0.000" classname="flagsinTestNG.Flag6"/>
  <system-out>
    <![CDATA[hi]]>
  </system-out>
  <testcase name="inconsistentBug" time="0.000" classname="flagsinTestNG.Flag6"/>
  <system-out>
    <![CDATA[hi]]>
  </system-out>
  <testcase name="inconsistentBug" time="0.000" classname="flagsinTestNG.Flag6"/>
  <system-out>
    <![CDATA[hi]]>
  </system-out>
  <testcase name="inconsistentBug" time="0.001" classname="flagsinTestNG.Flag6"/>
  <system-out>
    <![CDATA[hi]]>
  </system-out>
  <testcase name="inconsistentBug" time="0.001" classname="flagsinTestNG.Flag6"/>
  <system-out>
    <![CDATA[hi]]>
  </system-out>
  <testcase name="inconsistentBug" time="0.002" classname="flagsinTestNG.Flag6"/>
  <system-out>
    <![CDATA[hi]]>
  </system-out>
  <testcase name="inconsistentBug" time="0.000" classname="flagsinTestNG.Flag6"/>
  <system-out>
    <![CDATA[hi]]>
  </system-out>
  <testcase name="inconsistentBug" time="0.003" classname="flagsinTestNG.Flag6"/>
  <system-out>
    <![CDATA[hi]]>
  </system-out>
  <testcase name="inconsistentBug" time="0.000" classname="flagsinTestNG.Flag6"/>
  <system-out>
    <![CDATA[hi]]>
  </system-out>
  <testcase name="inconsistentBug" time="0.001" classname="flagsinTestNG.Flag6"/>
  <system-out>
    <![CDATA[hi]]>
  </system-out>
  <testcase name="inconsistentBug" time="0.001" classname="flagsinTestNG.Flag6"/>
  <system-out>
    <![CDATA[hi]]>
  </system-out>
  <testcase name="inconsistentBug" time="0.000" classname="flagsinTestNG.Flag6"/>
  <system-out>
    <![CDATA[hi]]>
  </system-out>
  <testcase name="inconsistentBug" time="0.001" classname="flagsinTestNG.Flag6"/>
  <system-out>
    <![CDATA[hi]]>
  </system-out>
  <testcase name="inconsistentBug" time="0.000" classname="flagsinTestNG.Flag6"/>
  <system-out>
    <![CDATA[hi]]>
  </system-out>
  <testcase name="inconsistentBug" time="0.000" classname="flagsinTestNG.Flag6"/>
  <system-out>
    <![CDATA[hi]]>
  </system-out>
  <testcase name="inconsistentBug" time="0.001" classname="flagsinTestNG.Flag6"/>
  <system-out>
    <![CDATA[hi]]>
  </system-out>
  <testcase name="inconsistentBug" time="0.000" classname="flagsinTestNG.Flag6"/>
  <system-out>
    <![CDATA[hi]]>
  </system-out>
  <testcase name="inconsistentBug" time="0.001" classname="flagsinTestNG.Flag6"/>
  <system-out>
    <![CDATA[hi]]>
  </system-out>
  <testcase name="inconsistentBug" time="0.001" classname="flagsinTestNG.Flag6"/>
  <system-out>
    <![CDATA[hi]]>
  </system-out>
  <testcase name="inconsistentBug" time="0.001" classname="flagsinTestNG.Flag6"/>
  <system-out>
    <![CDATA[hi]]>
  </system-out>
  <testcase name="inconsistentBug" time="0.000" classname="flagsinTestNG.Flag6"/>
  <system-out>
    <![CDATA[hi]]>
  </system-out>
  <testcase name="inconsistentBug" time="0.000" classname="flagsinTestNG.Flag6"/>
  <system-out>
    <![CDATA[hi]]>
  </system-out>
  <testcase name="inconsistentBug" time="0.000" classname="flagsinTestNG.Flag6"/>
  <system-out>
    <![CDATA[hi]]>
  </system-out>
  <testcase name="inconsistentBug" time="0.000" classname="flagsinTestNG.Flag6"/>
  <system-out>
    <![CDATA[hi]]>
  </system-out>
  <testcase name="inconsistentBug" time="0.000" classname="flagsinTestNG.Flag6"/>
  <system-out>
    <![CDATA[hi]]>
  </system-out>
  <testcase name="inconsistentBug" time="0.001" classname="flagsinTestNG.Flag6"/>
  <system-out>
    <![CDATA[hi]]>
  </system-out>
  <testcase name="inconsistentBug" time="0.001" classname="flagsinTestNG.Flag6"/>
  <system-out>
    <![CDATA[hi]]>
  </system-out>
  <testcase name="inconsistentBug" time="0.001" classname="flagsinTestNG.Flag6"/>
  <system-out>
    <![CDATA[hi]]>
  </system-out>
  <testcase name="inconsistentBug" time="0.002" classname="flagsinTestNG.Flag6"/>
  <system-out>
    <![CDATA[hi]]>
  </system-out>
  <testcase name="inconsistentBug" time="0.001" classname="flagsinTestNG.Flag6"/>
  <system-out>
    <![CDATA[hi]]>
  </system-out>
  <testcase name="inconsistentBug" time="0.001" classname="flagsinTestNG.Flag6"/>
  <system-out>
    <![CDATA[hi]]>
  </system-out>
  <testcase name="inconsistentBug" time="0.000" classname="flagsinTestNG.Flag6"/>
  <system-out>
    <![CDATA[hi]]>
  </system-out>
  <testcase name="inconsistentBug" time="0.001" classname="flagsinTestNG.Flag6"/>
  <system-out>
    <![CDATA[hi]]>
  </system-out>
  <testcase name="inconsistentBug" time="0.000" classname="flagsinTestNG.Flag6"/>
  <system-out>
    <![CDATA[hi]]>
  </system-out>
  <testcase name="inconsistentBug" time="0.001" classname="flagsinTestNG.Flag6"/>
  <system-out>
    <![CDATA[hi]]>
  </system-out>
  <testcase name="inconsistentBug" time="0.001" classname="flagsinTestNG.Flag6"/>
  <system-out>
    <![CDATA[hi]]>
  </system-out>
  <testcase name="inconsistentBug" time="0.001" classname="flagsinTestNG.Flag6"/>
  <system-out>
    <![CDATA[hi]]>
  </system-out>
  <testcase name="inconsistentBug" time="0.000" classname="flagsinTestNG.Flag6"/>
  <system-out>
    <![CDATA[hi]]>
  </system-out>
  <testcase name="inconsistentBug" time="0.002" classname="flagsinTestNG.Flag6"/>
  <system-out>
    <![CDATA[hi]]>
  </system-out>
  <testcase name="inconsistentBug" time="0.000" classname="flagsinTestNG.Flag6"/>
  <system-out>
    <![CDATA[hi]]>
  </system-out>
  <testcase name="inconsistentBug" time="0.002" classname="flagsinTestNG.Flag6"/>
  <system-out>
    <![CDATA[hi]]>
  </system-out>
  <testcase name="inconsistentBug" time="0.000" classname="flagsinTestNG.Flag6"/>
  <system-out>
    <![CDATA[hi]]>
  </system-out>
  <testcase name="inconsistentBug" time="0.000" classname="flagsinTestNG.Flag6"/>
  <system-out>
    <![CDATA[hi]]>
  </system-out>
  <testcase name="inconsistentBug" time="0.000" classname="flagsinTestNG.Flag6"/>
  <system-out>
    <![CDATA[hi]]>
  </system-out>
  <testcase name="inconsistentBug" time="0.000" classname="flagsinTestNG.Flag6"/>
  <system-out>
    <![CDATA[hi]]>
  </system-out>
  <testcase name="inconsistentBug" time="0.001" classname="flagsinTestNG.Flag6"/>
  <system-out>
    <![CDATA[hi]]>
  </system-out>
  <testcase name="inconsistentBug" time="0.000" classname="flagsinTestNG.Flag6"/>
  <system-out>
    <![CDATA[hi]]>
  </system-out>
  <testcase name="inconsistentBug" time="0.001" classname="flagsinTestNG.Flag6"/>
  <system-out>
    <![CDATA[hi]]>
  </system-out>
  <testcase name="inconsistentBug" time="0.000" classname="flagsinTestNG.Flag6"/>
  <system-out>
    <![CDATA[hi]]>
  </system-out>
  <testcase name="inconsistentBug" time="0.000" classname="flagsinTestNG.Flag6"/>
  <system-out>
    <![CDATA[hi]]>
  </system-out>
  <testcase name="inconsistentBug" time="0.000" classname="flagsinTestNG.Flag6"/>
  <system-out>
    <![CDATA[hi]]>
  </system-out>
  <testcase name="inconsistentBug" time="0.000" classname="flagsinTestNG.Flag6"/>
  <system-out>
    <![CDATA[hi]]>
  </system-out>
  <testcase name="inconsistentBug" time="0.004" classname="flagsinTestNG.Flag6"/>
  <system-out>
    <![CDATA[hi]]>
  </system-out>
  <testcase name="inconsistentBug" time="0.000" classname="flagsinTestNG.Flag6"/>
  <system-out>
    <![CDATA[hi]]>
  </system-out>
  <testcase name="inconsistentBug" time="0.000" classname="flagsinTestNG.Flag6"/>
  <system-out>
    <![CDATA[hi]]>
  </system-out>
  <testcase name="inconsistentBug" time="0.000" classname="flagsinTestNG.Flag6"/>
  <system-out>
    <![CDATA[hi]]>
  </system-out>
  <testcase name="inconsistentBug" time="0.000" classname="flagsinTestNG.Flag6"/>
  <system-out>
    <![CDATA[hi]]>
  </system-out>
  <testcase name="inconsistentBug" time="0.000" classname="flagsinTestNG.Flag6"/>
  <system-out>
    <![CDATA[hi]]>
  </system-out>
  <testcase name="inconsistentBug" time="0.003" classname="flagsinTestNG.Flag6"/>
  <system-out>
    <![CDATA[hi]]>
  </system-out>
  <testcase name="inconsistentBug" time="0.001" classname="flagsinTestNG.Flag6"/>
  <system-out>
    <![CDATA[hi]]>
  </system-out>
  <testcase name="inconsistentBug" time="0.001" classname="flagsinTestNG.Flag6"/>
  <system-out>
    <![CDATA[hi]]>
  </system-out>
  <testcase name="inconsistentBug" time="0.001" classname="flagsinTestNG.Flag6"/>
  <system-out>
    <![CDATA[hi]]>
  </system-out>
  <testcase name="inconsistentBug" time="0.001" classname="flagsinTestNG.Flag6"/>
  <system-out>
    <![CDATA[hi]]>
  </system-out>
  <testcase name="inconsistentBug" time="0.000" classname="flagsinTestNG.Flag6"/>
  <system-out>
    <![CDATA[hi]]>
  </system-out>
  <testcase name="inconsistentBug" time="0.001" classname="flagsinTestNG.Flag6"/>
  <system-out>
    <![CDATA[hi]]>
  </system-out>
  <testcase name="inconsistentBug" time="0.000" classname="flagsinTestNG.Flag6"/>
  <system-out>
    <![CDATA[hi]]>
  </system-out>
  <testcase name="inconsistentBug" time="0.001" classname="flagsinTestNG.Flag6"/>
  <system-out>
    <![CDATA[hi]]>
  </system-out>
  <testcase name="inconsistentBug" time="0.000" classname="flagsinTestNG.Flag6"/>
  <system-out>
    <![CDATA[hi]]>
  </system-out>
  <testcase name="inconsistentBug" time="0.000" classname="flagsinTestNG.Flag6"/>
  <system-out>
    <![CDATA[hi]]>
  </system-out>
  <testcase name="inconsistentBug" time="0.001" classname="flagsinTestNG.Flag6"/>
  <system-out>
    <![CDATA[hi]]>
  </system-out>
  <testcase name="inconsistentBug" time="0.000" classname="flagsinTestNG.Flag6"/>
  <system-out>
    <![CDATA[hi]]>
  </system-out>
  <testcase name="inconsistentBug" time="0.000" classname="flagsinTestNG.Flag6"/>
  <system-out>
    <![CDATA[hi]]>
  </system-out>
  <testcase name="inconsistentBug" time="0.001" classname="flagsinTestNG.Flag6"/>
  <system-out>
    <![CDATA[hi]]>
  </system-out>
  <testcase name="inconsistentBug" time="0.000" classname="flagsinTestNG.Flag6"/>
  <system-out>
    <![CDATA[hi]]>
  </system-out>
  <testcase name="inconsistentBug" time="0.001" classname="flagsinTestNG.Flag6"/>
  <system-out>
    <![CDATA[hi]]>
  </system-out>
  <testcase name="inconsistentBug" time="0.002" classname="flagsinTestNG.Flag6"/>
  <system-out>
    <![CDATA[hi]]>
  </system-out>
  <testcase name="inconsistentBug" time="0.003" classname="flagsinTestNG.Flag6"/>
  <system-out>
    <![CDATA[hi]]>
  </system-out>
  <testcase name="inconsistentBug" time="0.000" classname="flagsinTestNG.Flag6"/>
  <system-out>
    <![CDATA[hi]]>
  </system-out>
  <testcase name="inconsistentBug" time="0.000" classname="flagsinTestNG.Flag6"/>
  <system-out>
    <![CDATA[hi]]>
  </system-out>
  <testcase name="inconsistentBug" time="0.001" classname="flagsinTestNG.Flag6"/>
  <system-out>
    <![CDATA[hi]]>
  </system-out>
  <testcase name="inconsistentBug" time="0.001" classname="flagsinTestNG.Flag6"/>
  <system-out>
    <![CDATA[hi]]>
  </system-out>
  <testcase name="inconsistentBug" time="0.001" classname="flagsinTestNG.Flag6"/>
  <system-out>
    <![CDATA[hi]]>
  </system-out>
</testsuite> <!-- flagsinTestNG.Flag6 -->
