<?xml version="1.0" encoding="UTF-8"?>
<!-- Generated by org.testng.reporters.JUnitXMLReporter -->
<testsuite hostname="LAPTOP-SMC8HIAI" ignored="0" name="Test" tests="8" failures="0" timestamp="2021-06-28T09:15:24 IST" time="17.783" errors="0">
  <testcase name="setUp" time="14.814" classname="paralelexec.Class1"/>
  <testcase name="setUp" time="15.024" classname="paralelexec.Class4"/>
  <testcase name="setUp" time="15.559" classname="paralelexec.Class2"/>
  <testcase name="tearDown" time="0.913" classname="paralelexec.Class1"/>
  <testcase name="setUp" time="15.972" classname="paralelexec.Class3"/>
  <testcase name="tearDown" time="1.101" classname="paralelexec.Class2"/>
  <testcase name="tearDown" time="1.036" classname="paralelexec.Class3"/>
  <testcase name="tearDown" time="2.683" classname="paralelexec.Class4"/>
</testsuite> <!-- Test -->
